/home/ubuntu/samml_fpga/hw/_x.hw_emu.xilinx_aws-vu47p-f2_202410_1/unary/unary/unary/solution/.autopilot/db/unary.pp.0.cpp:2395:7: warning: Added loop label VITIS_LOOP_1223_1:   [xilinx-label-all-loops]
      for (i = 0; i < __N - 1; ++i) {
      ^~~
      VITIS_LOOP_1223_1: 
/home/ubuntu/samml_fpga/hw/_x.hw_emu.xilinx_aws-vu47p-f2_202410_1/unary/unary/unary/solution/.autopilot/db/unary.pp.0.cpp:2395:7: note: FIX-IT applied suggested code changes
/home/ubuntu/samml_fpga/hw/_x.hw_emu.xilinx_aws-vu47p-f2_202410_1/unary/unary/unary/solution/.autopilot/db/unary.pp.0.cpp:3369:5: warning: Added loop label VITIS_LOOP_676_1:   [xilinx-label-all-loops]
    for (unsigned i = low; i != high; ++i) {
    ^~~
    VITIS_LOOP_676_1: 
/home/ubuntu/samml_fpga/hw/_x.hw_emu.xilinx_aws-vu47p-f2_202410_1/unary/unary/unary/solution/.autopilot/db/unary.pp.0.cpp:3369:5: note: FIX-IT applied suggested code changes
/home/ubuntu/samml_fpga/hw/_x.hw_emu.xilinx_aws-vu47p-f2_202410_1/unary/unary/unary/solution/.autopilot/db/unary.pp.0.cpp:3383:5: warning: Added loop label VITIS_LOOP_690_1:   [xilinx-label-all-loops]
    for (unsigned i = low; i != high; ++i) {
    ^~~
    VITIS_LOOP_690_1: 
/home/ubuntu/samml_fpga/hw/_x.hw_emu.xilinx_aws-vu47p-f2_202410_1/unary/unary/unary/solution/.autopilot/db/unary.pp.0.cpp:3383:5: note: FIX-IT applied suggested code changes
/home/ubuntu/samml_fpga/hw/_x.hw_emu.xilinx_aws-vu47p-f2_202410_1/unary/unary/unary/solution/.autopilot/db/unary.pp.0.cpp:3397:5: warning: Added loop label VITIS_LOOP_704_1:   [xilinx-label-all-loops]
    for (unsigned i = low; i != high; ++i) {
    ^~~
    VITIS_LOOP_704_1: 
/home/ubuntu/samml_fpga/hw/_x.hw_emu.xilinx_aws-vu47p-f2_202410_1/unary/unary/unary/solution/.autopilot/db/unary.pp.0.cpp:3397:5: note: FIX-IT applied suggested code changes
/home/ubuntu/samml_fpga/hw/_x.hw_emu.xilinx_aws-vu47p-f2_202410_1/unary/unary/unary/solution/.autopilot/db/unary.pp.0.cpp:5026:7: warning: Added loop label VITIS_LOOP_1247_1:   [xilinx-label-all-loops]
      for (i = 0; i < __N - 1; ++i) {
      ^~~
      VITIS_LOOP_1247_1: 
/home/ubuntu/samml_fpga/hw/_x.hw_emu.xilinx_aws-vu47p-f2_202410_1/unary/unary/unary/solution/.autopilot/db/unary.pp.0.cpp:5026:7: note: FIX-IT applied suggested code changes
/home/ubuntu/samml_fpga/hw/_x.hw_emu.xilinx_aws-vu47p-f2_202410_1/unary/unary/unary/solution/.autopilot/db/unary.pp.0.cpp:6845:2: warning: Added loop label VITIS_LOOP_88_1:   [xilinx-label-all-loops]
 while (!in_val.empty()) {
 ^~~~~
 VITIS_LOOP_88_1: 
/home/ubuntu/samml_fpga/hw/_x.hw_emu.xilinx_aws-vu47p-f2_202410_1/unary/unary/unary/solution/.autopilot/db/unary.pp.0.cpp:6845:2: note: FIX-IT applied suggested code changes
