#-----------------------------------------------------------
# Vivado v2024.1 (64-bit)
# SW Build 5076996 on Wed May 22 18:36:09 MDT 2024
# IP Build 5075265 on Wed May 22 21:45:21 MDT 2024
# SharedData Build 5076995 on Wed May 22 18:29:18 MDT 2024
# Start of session at: Thu Jan 30 20:09:25 2025
# Process ID: 194261
# Current directory: /home/ubuntu/samml_fpga/hw/_x.hw_emu.xilinx_aws-vu47p-f2_202410_1/mem_read/mem_read/mem_read/solution/impl/ip
# Command line: vivado -notrace -mode batch -source run_ippack.tcl
# Log file: /home/ubuntu/samml_fpga/hw/_x.hw_emu.xilinx_aws-vu47p-f2_202410_1/mem_read/mem_read/mem_read/solution/impl/ip/vivado.log
# Journal file: /home/ubuntu/samml_fpga/hw/_x.hw_emu.xilinx_aws-vu47p-f2_202410_1/mem_read/mem_read/mem_read/solution/impl/ip/vivado.jou
# Running On        :ip-172-31-45-23
# Platform          :Ubuntu
# Operating System  :Ubuntu 20.04.6 LTS
# Processor Detail  :AMD EPYC 7R13 Processor
# CPU Frequency     :2649.998 MHz
# CPU Physical cores:24
# CPU Logical cores :48
# Host memory       :536585 MB
# Swap memory       :10737 MB
# Total Virtual     :547323 MB
# Available Virtual :544863 MB
#-----------------------------------------------------------
source run_ippack.tcl -notrace
INFO: calling package_hls_ip ip_types=vitis sysgen json_file=/home/ubuntu/samml_fpga/hw/_x.hw_emu.xilinx_aws-vu47p-f2_202410_1/mem_read/mem_read/mem_read/solution/solution_data.json outdir=/home/ubuntu/samml_fpga/hw/_x.hw_emu.xilinx_aws-vu47p-f2_202410_1/mem_read/mem_read/mem_read/solution/impl/ip srcdir=/home/ubuntu/samml_fpga/hw/_x.hw_emu.xilinx_aws-vu47p-f2_202410_1/mem_read/mem_read/mem_read/solution sort_interfaces_ports=false
INFO: Copied 1 ipmisc file(s) to /home/ubuntu/samml_fpga/hw/_x.hw_emu.xilinx_aws-vu47p-f2_202410_1/mem_read/mem_read/mem_read/solution/impl/ip/misc
INFO: Copied 7 verilog file(s) to /home/ubuntu/samml_fpga/hw/_x.hw_emu.xilinx_aws-vu47p-f2_202410_1/mem_read/mem_read/mem_read/solution/impl/ip/hdl/verilog
INFO: Copied 5 vhdl file(s) to /home/ubuntu/samml_fpga/hw/_x.hw_emu.xilinx_aws-vu47p-f2_202410_1/mem_read/mem_read/mem_read/solution/impl/ip/hdl/vhdl
INFO: Copied 10 swdriver file(s) to /home/ubuntu/samml_fpga/hw/_x.hw_emu.xilinx_aws-vu47p-f2_202410_1/mem_read/mem_read/mem_read/solution/impl/ip/drivers
INFO: Import ports from HDL: /home/ubuntu/samml_fpga/hw/_x.hw_emu.xilinx_aws-vu47p-f2_202410_1/mem_read/mem_read/mem_read/solution/impl/ip/hdl/vhdl/mem_read.vhd (mem_read)
INFO: Add axi4lite interface s_axi_control
INFO: Add clock interface ap_clk
INFO: Add reset interface ap_rst_n
INFO: Add data interface event_done
INFO: [IP_Flow 19-234] Refreshing IP repositories
INFO: [IP_Flow 19-1704] No user IP repositories specified
INFO: [IP_Flow 19-2313] Loaded Vivado IP repository '/opt/Xilinx/Vivado/2024.1/data/ip'.
INFO: Add interrupt interface interrupt
INFO: Add data interface event_start
INFO: Add axi4stream interface stream
INFO: Add axi4full interface m_axi_gmem
INFO: Calling post_process_vitis to specialize IP
INFO: Calling post_process_sysgen to specialize IP
Generating sysgen info xml from json file
INFO: Created IP /home/ubuntu/samml_fpga/hw/_x.hw_emu.xilinx_aws-vu47p-f2_202410_1/mem_read/mem_read/mem_read/solution/impl/ip/component.xml
Generating XO file: export.xo in directory /home/ubuntu/samml_fpga/hw/_x.hw_emu.xilinx_aws-vu47p-f2_202410_1/mem_read/mem_read/mem_read/solution/impl
Running: package_xo -xo_path /home/ubuntu/samml_fpga/hw/_x.hw_emu.xilinx_aws-vu47p-f2_202410_1/mem_read/mem_read/mem_read/solution/impl/export.xo -kernel_xml /home/ubuntu/samml_fpga/hw/_x.hw_emu.xilinx_aws-vu47p-f2_202410_1/mem_read/mem_read/mem_read/solution/../kernel.xml -kernel_name mem_read -ip_directory /home/ubuntu/samml_fpga/hw/_x.hw_emu.xilinx_aws-vu47p-f2_202410_1/mem_read/mem_read/mem_read/solution/impl/ip -kernel_files /home/ubuntu/samml_fpga/hw/_x.hw_emu.xilinx_aws-vu47p-f2_202410_1/mem_read/mem_read/mem_read/solution/../../../../../src/mem_read.cpp -hls_directory /home/ubuntu/samml_fpga/hw/_x.hw_emu.xilinx_aws-vu47p-f2_202410_1/mem_read/mem_read/mem_read/solution/impl/misc/hls_files -kernel_json /home/ubuntu/samml_fpga/hw/_x.hw_emu.xilinx_aws-vu47p-f2_202410_1/mem_read/mem_read/mem_read/solution/solution_data.json
INFO: Created IP archive /home/ubuntu/samml_fpga/hw/_x.hw_emu.xilinx_aws-vu47p-f2_202410_1/mem_read/mem_read/mem_read/solution/impl/ip/xilinx_com_hls_mem_read_1_0.zip
INFO: [Common 17-206] Exiting Vivado at Thu Jan 30 20:09:32 2025...
