/home/ubuntu/samml_fpga/hw/_x.hw_emu.xilinx_aws-vu47p-f2_202410_1/mem_read/mem_read/mem_read/solution/.autopilot/db/mem_read.pp.0.cpp:1314:7: warning: Added loop label VITIS_LOOP_1223_1:   [xilinx-label-all-loops]
      for (i = 0; i < __N - 1; ++i) {
      ^~~
      VITIS_LOOP_1223_1: 
/home/ubuntu/samml_fpga/hw/_x.hw_emu.xilinx_aws-vu47p-f2_202410_1/mem_read/mem_read/mem_read/solution/.autopilot/db/mem_read.pp.0.cpp:1314:7: note: FIX-IT applied suggested code changes
/home/ubuntu/samml_fpga/hw/_x.hw_emu.xilinx_aws-vu47p-f2_202410_1/mem_read/mem_read/mem_read/solution/.autopilot/db/mem_read.pp.0.cpp:2288:5: warning: Added loop label VITIS_LOOP_676_1:   [xilinx-label-all-loops]
    for (unsigned i = low; i != high; ++i) {
    ^~~
    VITIS_LOOP_676_1: 
/home/ubuntu/samml_fpga/hw/_x.hw_emu.xilinx_aws-vu47p-f2_202410_1/mem_read/mem_read/mem_read/solution/.autopilot/db/mem_read.pp.0.cpp:2288:5: note: FIX-IT applied suggested code changes
/home/ubuntu/samml_fpga/hw/_x.hw_emu.xilinx_aws-vu47p-f2_202410_1/mem_read/mem_read/mem_read/solution/.autopilot/db/mem_read.pp.0.cpp:2302:5: warning: Added loop label VITIS_LOOP_690_1:   [xilinx-label-all-loops]
    for (unsigned i = low; i != high; ++i) {
    ^~~
    VITIS_LOOP_690_1: 
/home/ubuntu/samml_fpga/hw/_x.hw_emu.xilinx_aws-vu47p-f2_202410_1/mem_read/mem_read/mem_read/solution/.autopilot/db/mem_read.pp.0.cpp:2302:5: note: FIX-IT applied suggested code changes
/home/ubuntu/samml_fpga/hw/_x.hw_emu.xilinx_aws-vu47p-f2_202410_1/mem_read/mem_read/mem_read/solution/.autopilot/db/mem_read.pp.0.cpp:2316:5: warning: Added loop label VITIS_LOOP_704_1:   [xilinx-label-all-loops]
    for (unsigned i = low; i != high; ++i) {
    ^~~
    VITIS_LOOP_704_1: 
/home/ubuntu/samml_fpga/hw/_x.hw_emu.xilinx_aws-vu47p-f2_202410_1/mem_read/mem_read/mem_read/solution/.autopilot/db/mem_read.pp.0.cpp:2316:5: note: FIX-IT applied suggested code changes
/home/ubuntu/samml_fpga/hw/_x.hw_emu.xilinx_aws-vu47p-f2_202410_1/mem_read/mem_read/mem_read/solution/.autopilot/db/mem_read.pp.0.cpp:3945:7: warning: Added loop label VITIS_LOOP_1247_1:   [xilinx-label-all-loops]
      for (i = 0; i < __N - 1; ++i) {
      ^~~
      VITIS_LOOP_1247_1: 
/home/ubuntu/samml_fpga/hw/_x.hw_emu.xilinx_aws-vu47p-f2_202410_1/mem_read/mem_read/mem_read/solution/.autopilot/db/mem_read.pp.0.cpp:3945:7: note: FIX-IT applied suggested code changes
/home/ubuntu/samml_fpga/hw/_x.hw_emu.xilinx_aws-vu47p-f2_202410_1/mem_read/mem_read/mem_read/solution/.autopilot/db/mem_read.pp.0.cpp:9753:5: warning: Added loop label VITIS_LOOP_23_1:   [xilinx-label-all-loops]
    for (int i = 0; i < size; i++) {
    ^~~
    VITIS_LOOP_23_1: 
/home/ubuntu/samml_fpga/hw/_x.hw_emu.xilinx_aws-vu47p-f2_202410_1/mem_read/mem_read/mem_read/solution/.autopilot/db/mem_read.pp.0.cpp:9753:5: note: FIX-IT applied suggested code changes
