

================================================================
== Vitis HLS Report for 'mem_read'
================================================================
* Date:           Thu Jan 30 20:09:21 2025

* Version:        2024.1 (Build 5069499 on May 21 2024)
* Project:        mem_read
* Solution:       solution (Vitis Kernel Flow Target)
* Product family: virtexuplusHBM
* Target device:  xcvu47p-fsvh2892-2LV-e


================================================================
== Performance Estimates
================================================================
+ Timing: 
    * Summary: 
    +--------+----------+----------+------------+
    |  Clock |  Target  | Estimated| Uncertainty|
    +--------+----------+----------+------------+
    |ap_clk  |  13.32 ns|  9.727 ns|     3.60 ns|
    +--------+----------+----------+------------+

+ Latency: 
    * Summary: 
    +---------+---------+----------+----------+-----+-----+-----------------------------------------------+
    |  Latency (cycles) |  Latency (absolute) |  Interval |                    Pipeline                   |
    |   min   |   max   |    min   |    max   | min | max |                      Type                     |
    +---------+---------+----------+----------+-----+-----+-----------------------------------------------+
    |        ?|        ?|         ?|         ?|    0|    0|  loop auto-rewind stp(delay=0 clock cycles(s))|
    +---------+---------+----------+----------+-----+-----+-----------------------------------------------+

    + Detail: 
        * Instance: 
        N/A

        * Loop: 
        +-------------------+---------+---------+----------+-----------+-----------+------+----------+
        |                   |  Latency (cycles) | Iteration|  Initiation Interval  | Trip |          |
        |     Loop Name     |   min   |   max   |  Latency |  achieved |   target  | Count| Pipelined|
        +-------------------+---------+---------+----------+-----------+-----------+------+----------+
        |- VITIS_LOOP_23_1  |        ?|        ?|        75|          1|          1|     ?|       yes|
        +-------------------+---------+---------+----------+-----------+-----------+------+----------+

============================================================
+ Verbose Summary: Synthesis Manager
============================================================
InlineROM: 1
ExposeGlobal: 0
============================================================
+ Verbose Summary: CDFG Model
============================================================
IsTopModel: 1
ResetActiveHigh: 1
IsCombinational: 0
IsDatapathOnly: 0
HasWiredReturn: 1
HasMFsm: 2
HasVarLatency: 1
IsPipeline: 0
IsRtlPipelined: 0
IsInstanceOverlapped: 0
IsDontTouch: 0
HasImplIP: 0
IsGatedGlobalClock: 0

+ Individual pipeline summary: 
  * Pipeline-0: initiation interval (II) = 1, depth = 75


============================================================
+ Verbose Summary: Schedule
============================================================
* Number of FSM states : 75
* Pipeline : 1
  Pipeline-0 : II = 1, D = 75, States = { 1 2 3 4 5 6 7 8 9 10 11 12 13 14 15 16 17 18 19 20 21 22 23 24 25 26 27 28 29 30 31 32 33 34 35 36 37 38 39 40 41 42 43 44 45 46 47 48 49 50 51 52 53 54 55 56 57 58 59 60 61 62 63 64 65 66 67 68 69 70 71 72 73 74 75 }
* Dataflow Pipeline: 0

* FSM state transitions: 
1 --> 2 
2 --> 3 
3 --> 4 
4 --> 5 
5 --> 6 
6 --> 7 
7 --> 8 
8 --> 9 
9 --> 10 
10 --> 11 
11 --> 12 
12 --> 13 
13 --> 14 
14 --> 15 
15 --> 16 
16 --> 17 
17 --> 18 
18 --> 19 
19 --> 20 
20 --> 21 
21 --> 22 
22 --> 23 
23 --> 24 
24 --> 25 
25 --> 26 
26 --> 27 
27 --> 28 
28 --> 29 
29 --> 30 
30 --> 31 
31 --> 32 
32 --> 33 
33 --> 34 
34 --> 35 
35 --> 36 
36 --> 37 
37 --> 38 
38 --> 39 
39 --> 40 
40 --> 41 
41 --> 42 
42 --> 43 
43 --> 44 
44 --> 45 
45 --> 46 
46 --> 47 
47 --> 48 
48 --> 49 
49 --> 50 
50 --> 51 
51 --> 52 
52 --> 53 
53 --> 54 
54 --> 55 
55 --> 56 
56 --> 57 
57 --> 58 
58 --> 59 
59 --> 60 
60 --> 61 
61 --> 62 
62 --> 63 
63 --> 64 
64 --> 65 
65 --> 66 
66 --> 67 
67 --> 68 
68 --> 69 
69 --> 70 
70 --> 71 
71 --> 72 
72 --> 73 
73 --> 74 
74 --> 75 
75 --> 

* FSM state operations: 

State 1 <SV = 0> <Delay = 2.26>
ST_1 : Operation 78 [1/1] (0.00ns)   --->   "%i = alloca i32 1"   --->   Operation 78 'alloca' 'i' <Predicate = true> <Delay = 0.00>
ST_1 : Operation 79 [1/1] (0.00ns)   --->   "%spectopmodule_ln22 = spectopmodule void @_ssdm_op_SpecTopModule, void @empty_9" [../../../src/mem_read.cpp:22]   --->   Operation 79 'spectopmodule' 'spectopmodule_ln22' <Predicate = true> <Delay = 0.00>
ST_1 : Operation 80 [1/1] (0.00ns)   --->   "%specinterface_ln22 = specinterface void @_ssdm_op_SpecInterface, i32 0, void @empty_10, i32 0, i32 0, void @empty_12, i32 0, i32 0, void @empty_12, void @empty_12, void @empty_12, i32 0, i32 0, i32 0, i32 0, void @empty_12, void @empty_12, i32 4294967295, i32 0, i32 0" [../../../src/mem_read.cpp:22]   --->   Operation 80 'specinterface' 'specinterface_ln22' <Predicate = true> <Delay = 0.00>
ST_1 : Operation 81 [1/1] (0.00ns)   --->   "%specinterface_ln0 = specinterface void @_ssdm_op_SpecInterface, i32 %gmem, void @empty, i32 0, i32 0, void @empty_12, i32 64, i32 0, void @empty_0, void @empty_1, void @empty_12, i32 16, i32 16, i32 16, i32 16, void @empty_12, void @empty_12, i32 4294967295, i32 0, i32 0"   --->   Operation 81 'specinterface' 'specinterface_ln0' <Predicate = true> <Delay = 0.00>
ST_1 : Operation 82 [1/1] (0.00ns)   --->   "%specbitsmap_ln0 = specbitsmap void @_ssdm_op_SpecBitsMap, i32 %gmem"   --->   Operation 82 'specbitsmap' 'specbitsmap_ln0' <Predicate = true> <Delay = 0.00>
ST_1 : Operation 83 [1/1] (0.00ns)   --->   "%specinterface_ln0 = specinterface void @_ssdm_op_SpecInterface, i64 %mem, void @empty_2, i32 0, i32 0, void @empty_12, i32 0, i32 0, void @empty_3, void @empty_4, void @empty_12, i32 0, i32 0, i32 0, i32 0, void @empty_12, void @empty_13, i32 4294967295, i32 0, i32 0"   --->   Operation 83 'specinterface' 'specinterface_ln0' <Predicate = true> <Delay = 0.00>
ST_1 : Operation 84 [1/1] (0.00ns)   --->   "%specinterface_ln0 = specinterface void @_ssdm_op_SpecInterface, i64 %mem, void @empty_5, i32 0, i32 0, void @empty_12, i32 0, i32 0, void @empty_12, void @empty_12, void @empty_12, i32 0, i32 0, i32 0, i32 0, void @empty_12, void @empty_13, i32 4294967295, i32 0, i32 0"   --->   Operation 84 'specinterface' 'specinterface_ln0' <Predicate = true> <Delay = 0.00>
ST_1 : Operation 85 [1/1] (0.00ns)   --->   "%specbitsmap_ln0 = specbitsmap void @_ssdm_op_SpecBitsMap, i32 %size"   --->   Operation 85 'specbitsmap' 'specbitsmap_ln0' <Predicate = true> <Delay = 0.00>
ST_1 : Operation 86 [1/1] (0.00ns)   --->   "%specinterface_ln0 = specinterface void @_ssdm_op_SpecInterface, i32 %size, void @empty_2, i32 0, i32 0, void @empty_12, i32 0, i32 0, void @empty_3, void @empty_6, void @empty_12, i32 0, i32 0, i32 0, i32 0, void @empty_12, void @empty_12, i32 4294967295, i32 0, i32 0"   --->   Operation 86 'specinterface' 'specinterface_ln0' <Predicate = true> <Delay = 0.00>
ST_1 : Operation 87 [1/1] (0.00ns)   --->   "%specinterface_ln0 = specinterface void @_ssdm_op_SpecInterface, i32 %size, void @empty_5, i32 0, i32 0, void @empty_12, i32 0, i32 0, void @empty_12, void @empty_12, void @empty_12, i32 0, i32 0, i32 0, i32 0, void @empty_12, void @empty_12, i32 4294967295, i32 0, i32 0"   --->   Operation 87 'specinterface' 'specinterface_ln0' <Predicate = true> <Delay = 0.00>
ST_1 : Operation 88 [1/1] (0.00ns)   --->   "%specinterface_ln0 = specinterface void @_ssdm_op_SpecInterface, i24 %stream, void @empty_7, i32 1, i32 1, void @empty_8, i32 0, i32 0, void @empty_12, void @empty_12, void @empty_12, i32 0, i32 0, i32 0, i32 0, void @empty_12, void @empty_12, i32 4294967295, i32 0, i32 0"   --->   Operation 88 'specinterface' 'specinterface_ln0' <Predicate = true> <Delay = 0.00>
ST_1 : Operation 89 [1/1] (0.00ns)   --->   "%specbitsmap_ln0 = specbitsmap void @_ssdm_op_SpecBitsMap, i24 %stream"   --->   Operation 89 'specbitsmap' 'specbitsmap_ln0' <Predicate = true> <Delay = 0.00>
ST_1 : Operation 90 [1/1] (0.00ns)   --->   "%specinterface_ln0 = specinterface void @_ssdm_op_SpecInterface, i32 0, void @empty_2, i32 0, i32 0, void @empty_12, i32 0, i32 0, void @empty_3, void @empty_12, void @empty_12, i32 0, i32 0, i32 0, i32 0, void @empty_12, void @empty_12, i32 4294967295, i32 0, i32 0"   --->   Operation 90 'specinterface' 'specinterface_ln0' <Predicate = true> <Delay = 0.00>
ST_1 : Operation 91 [1/1] (1.00ns)   --->   "%size_read = read i32 @_ssdm_op_Read.ap_none.i32, i32 %size" [../../../src/mem_read.cpp:22]   --->   Operation 91 'read' 'size_read' <Predicate = true> <Delay = 1.00> <CoreInst = "s_axilite">   --->   Core 120 's_axilite' <Latency = 0> <II = 1> <Delay = 1.00> <Adapter> <Opcode : 'read' 'write'>
ST_1 : Operation 92 [1/1] (1.00ns)   --->   "%mem_read = read i64 @_ssdm_op_Read.ap_none.i64, i64 %mem" [../../../src/mem_read.cpp:22]   --->   Operation 92 'read' 'mem_read' <Predicate = true> <Delay = 1.00> <CoreInst = "s_axilite">   --->   Core 120 's_axilite' <Latency = 0> <II = 1> <Delay = 1.00> <Adapter> <Opcode : 'read' 'write'>
ST_1 : Operation 93 [1/1] (0.88ns)   --->   "%icmp_ln23 = icmp_sgt  i32 %size_read, i32 0" [../../../src/mem_read.cpp:23]   --->   Operation 93 'icmp' 'icmp_ln23' <Predicate = true> <Delay = 0.88> <CoreInst = "Cmp">   --->   Core 9 'Cmp' <Latency = 0> <II = 1> <Delay = 0.88> <FuncUnit> <Opcode : 'seteq' 'setne' 'setle' 'setge' 'setlt' 'setgt'> <InPorts = 2> <OutPorts = 1>
ST_1 : Operation 94 [1/1] (0.00ns)   --->   "%trunc_ln23 = trunc i32 %size_read" [../../../src/mem_read.cpp:23]   --->   Operation 94 'trunc' 'trunc_ln23' <Predicate = true> <Delay = 0.00>
ST_1 : Operation 95 [1/1] (0.25ns)   --->   "%empty = select i1 %icmp_ln23, i31 %trunc_ln23, i31 0" [../../../src/mem_read.cpp:23]   --->   Operation 95 'select' 'empty' <Predicate = true> <Delay = 0.25> <CoreInst = "Sel">   --->   Core 73 'Sel' <Latency = 0> <II = 1> <Delay = 0.25> <FuncUnit> <Opcode : 'select'> <InPorts = 3> <OutPorts = 1>
ST_1 : Operation 96 [1/1] (0.00ns)   --->   "%zext_ln23 = zext i31 %empty" [../../../src/mem_read.cpp:23]   --->   Operation 96 'zext' 'zext_ln23' <Predicate = true> <Delay = 0.00>
ST_1 : Operation 97 [1/1] (0.38ns)   --->   "%store_ln0 = store i31 0, i31 %i"   --->   Operation 97 'store' 'store_ln0' <Predicate = true> <Delay = 0.38>
ST_1 : Operation 98 [1/1] (0.38ns)   --->   "%br_ln23 = br void %for.inc" [../../../src/mem_read.cpp:23]   --->   Operation 98 'br' 'br_ln23' <Predicate = true> <Delay = 0.38>
ST_1 : Operation 99 [1/1] (0.00ns)   --->   "%first_iter_0 = phi i1 0, void %for.inc.split, i1 1, void %entry"   --->   Operation 99 'phi' 'first_iter_0' <Predicate = true> <Delay = 0.00>
ST_1 : Operation 100 [1/1] (0.00ns)   --->   "%i_load = load i31 %i" [../../../src/mem_read.cpp:23]   --->   Operation 100 'load' 'i_load' <Predicate = true> <Delay = 0.00>
ST_1 : Operation 101 [1/1] (0.00ns)   --->   "%i_cast = zext i31 %i_load" [../../../src/mem_read.cpp:23]   --->   Operation 101 'zext' 'i_cast' <Predicate = true> <Delay = 0.00>
ST_1 : Operation 102 [1/1] (0.88ns)   --->   "%icmp_ln23_1 = icmp_slt  i32 %i_cast, i32 %size_read" [../../../src/mem_read.cpp:23]   --->   Operation 102 'icmp' 'icmp_ln23_1' <Predicate = true> <Delay = 0.88> <CoreInst = "Cmp">   --->   Core 9 'Cmp' <Latency = 0> <II = 1> <Delay = 0.88> <FuncUnit> <Opcode : 'seteq' 'setne' 'setle' 'setge' 'setlt' 'setgt'> <InPorts = 2> <OutPorts = 1>
ST_1 : Operation 103 [1/1] (0.00ns)   --->   "%br_ln23 = br i1 %icmp_ln23_1, void %for.end.loopexit, void %new.body.for.inc" [../../../src/mem_read.cpp:23]   --->   Operation 103 'br' 'br_ln23' <Predicate = true> <Delay = 0.00>
ST_1 : Operation 104 [1/1] (0.00ns)   --->   "%br_ln23 = br i1 %first_iter_0, void %for.inc.split, void %for.first.iter.for.inc" [../../../src/mem_read.cpp:23]   --->   Operation 104 'br' 'br_ln23' <Predicate = (icmp_ln23_1)> <Delay = 0.00>
ST_1 : Operation 105 [1/1] (0.87ns)   --->   "%add_ln23 = add i31 %i_load, i31 1" [../../../src/mem_read.cpp:23]   --->   Operation 105 'add' 'add_ln23' <Predicate = (icmp_ln23_1)> <Delay = 0.87> <CoreInst = "Adder">   --->   Core 1 'Adder' <Latency = 0> <II = 1> <Delay = 0.87> <FuncUnit> <Opcode : 'add' 'sub'> <InPorts = 2> <OutPorts = 1>
ST_1 : Operation 106 [1/1] (0.38ns)   --->   "%store_ln23 = store i31 %add_ln23, i31 %i" [../../../src/mem_read.cpp:23]   --->   Operation 106 'store' 'store_ln23' <Predicate = (icmp_ln23_1)> <Delay = 0.38>
ST_1 : Operation 107 [1/1] (0.00ns)   --->   "%br_ln23 = br void %for.inc" [../../../src/mem_read.cpp:23]   --->   Operation 107 'br' 'br_ln23' <Predicate = (icmp_ln23_1)> <Delay = 0.00>

State 2 <SV = 1> <Delay = 9.72>
ST_2 : Operation 108 [1/1] (0.00ns)   --->   "%trunc_ln = partselect i62 @_ssdm_op_PartSelect.i62.i64.i32.i32, i64 %mem_read, i32 2, i32 63" [../../../src/mem_read.cpp:23]   --->   Operation 108 'partselect' 'trunc_ln' <Predicate = true> <Delay = 0.00>
ST_2 : Operation 109 [1/1] (0.00ns)   --->   "%sext_ln23 = sext i62 %trunc_ln" [../../../src/mem_read.cpp:23]   --->   Operation 109 'sext' 'sext_ln23' <Predicate = true> <Delay = 0.00>
ST_2 : Operation 110 [1/1] (0.00ns)   --->   "%gmem_addr = getelementptr i32 %gmem, i64 %sext_ln23" [../../../src/mem_read.cpp:23]   --->   Operation 110 'getelementptr' 'gmem_addr' <Predicate = true> <Delay = 0.00>
ST_2 : Operation 111 [71/71] (9.72ns)   --->   "%empty_18 = readreq i1 @_ssdm_op_ReadReq.m_axi.p1i32, i32 %gmem_addr, i64 %zext_ln23" [../../../src/mem_read.cpp:23]   --->   Operation 111 'readreq' 'empty_18' <Predicate = (first_iter_0)> <Delay = 9.72> <CoreInst = "m_axi">   --->   Core 119 'm_axi' <Latency = 0> <II = 1> <Delay = 1.00> <Adapter> <Opcode : 'read' 'write' 'readreq' 'writereq' 'writeresp'>

State 3 <SV = 2> <Delay = 9.72>
ST_3 : Operation 112 [70/71] (9.72ns)   --->   "%empty_18 = readreq i1 @_ssdm_op_ReadReq.m_axi.p1i32, i32 %gmem_addr, i64 %zext_ln23" [../../../src/mem_read.cpp:23]   --->   Operation 112 'readreq' 'empty_18' <Predicate = (first_iter_0)> <Delay = 9.72> <CoreInst = "m_axi">   --->   Core 119 'm_axi' <Latency = 0> <II = 1> <Delay = 1.00> <Adapter> <Opcode : 'read' 'write' 'readreq' 'writereq' 'writeresp'>

State 4 <SV = 3> <Delay = 9.72>
ST_4 : Operation 113 [69/71] (9.72ns)   --->   "%empty_18 = readreq i1 @_ssdm_op_ReadReq.m_axi.p1i32, i32 %gmem_addr, i64 %zext_ln23" [../../../src/mem_read.cpp:23]   --->   Operation 113 'readreq' 'empty_18' <Predicate = (first_iter_0)> <Delay = 9.72> <CoreInst = "m_axi">   --->   Core 119 'm_axi' <Latency = 0> <II = 1> <Delay = 1.00> <Adapter> <Opcode : 'read' 'write' 'readreq' 'writereq' 'writeresp'>

State 5 <SV = 4> <Delay = 9.72>
ST_5 : Operation 114 [68/71] (9.72ns)   --->   "%empty_18 = readreq i1 @_ssdm_op_ReadReq.m_axi.p1i32, i32 %gmem_addr, i64 %zext_ln23" [../../../src/mem_read.cpp:23]   --->   Operation 114 'readreq' 'empty_18' <Predicate = (first_iter_0)> <Delay = 9.72> <CoreInst = "m_axi">   --->   Core 119 'm_axi' <Latency = 0> <II = 1> <Delay = 1.00> <Adapter> <Opcode : 'read' 'write' 'readreq' 'writereq' 'writeresp'>

State 6 <SV = 5> <Delay = 9.72>
ST_6 : Operation 115 [67/71] (9.72ns)   --->   "%empty_18 = readreq i1 @_ssdm_op_ReadReq.m_axi.p1i32, i32 %gmem_addr, i64 %zext_ln23" [../../../src/mem_read.cpp:23]   --->   Operation 115 'readreq' 'empty_18' <Predicate = (first_iter_0)> <Delay = 9.72> <CoreInst = "m_axi">   --->   Core 119 'm_axi' <Latency = 0> <II = 1> <Delay = 1.00> <Adapter> <Opcode : 'read' 'write' 'readreq' 'writereq' 'writeresp'>

State 7 <SV = 6> <Delay = 9.72>
ST_7 : Operation 116 [66/71] (9.72ns)   --->   "%empty_18 = readreq i1 @_ssdm_op_ReadReq.m_axi.p1i32, i32 %gmem_addr, i64 %zext_ln23" [../../../src/mem_read.cpp:23]   --->   Operation 116 'readreq' 'empty_18' <Predicate = (first_iter_0)> <Delay = 9.72> <CoreInst = "m_axi">   --->   Core 119 'm_axi' <Latency = 0> <II = 1> <Delay = 1.00> <Adapter> <Opcode : 'read' 'write' 'readreq' 'writereq' 'writeresp'>

State 8 <SV = 7> <Delay = 9.72>
ST_8 : Operation 117 [65/71] (9.72ns)   --->   "%empty_18 = readreq i1 @_ssdm_op_ReadReq.m_axi.p1i32, i32 %gmem_addr, i64 %zext_ln23" [../../../src/mem_read.cpp:23]   --->   Operation 117 'readreq' 'empty_18' <Predicate = (first_iter_0)> <Delay = 9.72> <CoreInst = "m_axi">   --->   Core 119 'm_axi' <Latency = 0> <II = 1> <Delay = 1.00> <Adapter> <Opcode : 'read' 'write' 'readreq' 'writereq' 'writeresp'>

State 9 <SV = 8> <Delay = 9.72>
ST_9 : Operation 118 [64/71] (9.72ns)   --->   "%empty_18 = readreq i1 @_ssdm_op_ReadReq.m_axi.p1i32, i32 %gmem_addr, i64 %zext_ln23" [../../../src/mem_read.cpp:23]   --->   Operation 118 'readreq' 'empty_18' <Predicate = (first_iter_0)> <Delay = 9.72> <CoreInst = "m_axi">   --->   Core 119 'm_axi' <Latency = 0> <II = 1> <Delay = 1.00> <Adapter> <Opcode : 'read' 'write' 'readreq' 'writereq' 'writeresp'>

State 10 <SV = 9> <Delay = 9.72>
ST_10 : Operation 119 [63/71] (9.72ns)   --->   "%empty_18 = readreq i1 @_ssdm_op_ReadReq.m_axi.p1i32, i32 %gmem_addr, i64 %zext_ln23" [../../../src/mem_read.cpp:23]   --->   Operation 119 'readreq' 'empty_18' <Predicate = (first_iter_0)> <Delay = 9.72> <CoreInst = "m_axi">   --->   Core 119 'm_axi' <Latency = 0> <II = 1> <Delay = 1.00> <Adapter> <Opcode : 'read' 'write' 'readreq' 'writereq' 'writeresp'>

State 11 <SV = 10> <Delay = 9.72>
ST_11 : Operation 120 [62/71] (9.72ns)   --->   "%empty_18 = readreq i1 @_ssdm_op_ReadReq.m_axi.p1i32, i32 %gmem_addr, i64 %zext_ln23" [../../../src/mem_read.cpp:23]   --->   Operation 120 'readreq' 'empty_18' <Predicate = (first_iter_0)> <Delay = 9.72> <CoreInst = "m_axi">   --->   Core 119 'm_axi' <Latency = 0> <II = 1> <Delay = 1.00> <Adapter> <Opcode : 'read' 'write' 'readreq' 'writereq' 'writeresp'>

State 12 <SV = 11> <Delay = 9.72>
ST_12 : Operation 121 [61/71] (9.72ns)   --->   "%empty_18 = readreq i1 @_ssdm_op_ReadReq.m_axi.p1i32, i32 %gmem_addr, i64 %zext_ln23" [../../../src/mem_read.cpp:23]   --->   Operation 121 'readreq' 'empty_18' <Predicate = (first_iter_0)> <Delay = 9.72> <CoreInst = "m_axi">   --->   Core 119 'm_axi' <Latency = 0> <II = 1> <Delay = 1.00> <Adapter> <Opcode : 'read' 'write' 'readreq' 'writereq' 'writeresp'>

State 13 <SV = 12> <Delay = 9.72>
ST_13 : Operation 122 [60/71] (9.72ns)   --->   "%empty_18 = readreq i1 @_ssdm_op_ReadReq.m_axi.p1i32, i32 %gmem_addr, i64 %zext_ln23" [../../../src/mem_read.cpp:23]   --->   Operation 122 'readreq' 'empty_18' <Predicate = (first_iter_0)> <Delay = 9.72> <CoreInst = "m_axi">   --->   Core 119 'm_axi' <Latency = 0> <II = 1> <Delay = 1.00> <Adapter> <Opcode : 'read' 'write' 'readreq' 'writereq' 'writeresp'>

State 14 <SV = 13> <Delay = 9.72>
ST_14 : Operation 123 [59/71] (9.72ns)   --->   "%empty_18 = readreq i1 @_ssdm_op_ReadReq.m_axi.p1i32, i32 %gmem_addr, i64 %zext_ln23" [../../../src/mem_read.cpp:23]   --->   Operation 123 'readreq' 'empty_18' <Predicate = (first_iter_0)> <Delay = 9.72> <CoreInst = "m_axi">   --->   Core 119 'm_axi' <Latency = 0> <II = 1> <Delay = 1.00> <Adapter> <Opcode : 'read' 'write' 'readreq' 'writereq' 'writeresp'>

State 15 <SV = 14> <Delay = 9.72>
ST_15 : Operation 124 [58/71] (9.72ns)   --->   "%empty_18 = readreq i1 @_ssdm_op_ReadReq.m_axi.p1i32, i32 %gmem_addr, i64 %zext_ln23" [../../../src/mem_read.cpp:23]   --->   Operation 124 'readreq' 'empty_18' <Predicate = (first_iter_0)> <Delay = 9.72> <CoreInst = "m_axi">   --->   Core 119 'm_axi' <Latency = 0> <II = 1> <Delay = 1.00> <Adapter> <Opcode : 'read' 'write' 'readreq' 'writereq' 'writeresp'>

State 16 <SV = 15> <Delay = 9.72>
ST_16 : Operation 125 [57/71] (9.72ns)   --->   "%empty_18 = readreq i1 @_ssdm_op_ReadReq.m_axi.p1i32, i32 %gmem_addr, i64 %zext_ln23" [../../../src/mem_read.cpp:23]   --->   Operation 125 'readreq' 'empty_18' <Predicate = (first_iter_0)> <Delay = 9.72> <CoreInst = "m_axi">   --->   Core 119 'm_axi' <Latency = 0> <II = 1> <Delay = 1.00> <Adapter> <Opcode : 'read' 'write' 'readreq' 'writereq' 'writeresp'>

State 17 <SV = 16> <Delay = 9.72>
ST_17 : Operation 126 [56/71] (9.72ns)   --->   "%empty_18 = readreq i1 @_ssdm_op_ReadReq.m_axi.p1i32, i32 %gmem_addr, i64 %zext_ln23" [../../../src/mem_read.cpp:23]   --->   Operation 126 'readreq' 'empty_18' <Predicate = (first_iter_0)> <Delay = 9.72> <CoreInst = "m_axi">   --->   Core 119 'm_axi' <Latency = 0> <II = 1> <Delay = 1.00> <Adapter> <Opcode : 'read' 'write' 'readreq' 'writereq' 'writeresp'>

State 18 <SV = 17> <Delay = 9.72>
ST_18 : Operation 127 [55/71] (9.72ns)   --->   "%empty_18 = readreq i1 @_ssdm_op_ReadReq.m_axi.p1i32, i32 %gmem_addr, i64 %zext_ln23" [../../../src/mem_read.cpp:23]   --->   Operation 127 'readreq' 'empty_18' <Predicate = (first_iter_0)> <Delay = 9.72> <CoreInst = "m_axi">   --->   Core 119 'm_axi' <Latency = 0> <II = 1> <Delay = 1.00> <Adapter> <Opcode : 'read' 'write' 'readreq' 'writereq' 'writeresp'>

State 19 <SV = 18> <Delay = 9.72>
ST_19 : Operation 128 [54/71] (9.72ns)   --->   "%empty_18 = readreq i1 @_ssdm_op_ReadReq.m_axi.p1i32, i32 %gmem_addr, i64 %zext_ln23" [../../../src/mem_read.cpp:23]   --->   Operation 128 'readreq' 'empty_18' <Predicate = (first_iter_0)> <Delay = 9.72> <CoreInst = "m_axi">   --->   Core 119 'm_axi' <Latency = 0> <II = 1> <Delay = 1.00> <Adapter> <Opcode : 'read' 'write' 'readreq' 'writereq' 'writeresp'>

State 20 <SV = 19> <Delay = 9.72>
ST_20 : Operation 129 [53/71] (9.72ns)   --->   "%empty_18 = readreq i1 @_ssdm_op_ReadReq.m_axi.p1i32, i32 %gmem_addr, i64 %zext_ln23" [../../../src/mem_read.cpp:23]   --->   Operation 129 'readreq' 'empty_18' <Predicate = (first_iter_0)> <Delay = 9.72> <CoreInst = "m_axi">   --->   Core 119 'm_axi' <Latency = 0> <II = 1> <Delay = 1.00> <Adapter> <Opcode : 'read' 'write' 'readreq' 'writereq' 'writeresp'>

State 21 <SV = 20> <Delay = 9.72>
ST_21 : Operation 130 [52/71] (9.72ns)   --->   "%empty_18 = readreq i1 @_ssdm_op_ReadReq.m_axi.p1i32, i32 %gmem_addr, i64 %zext_ln23" [../../../src/mem_read.cpp:23]   --->   Operation 130 'readreq' 'empty_18' <Predicate = (first_iter_0)> <Delay = 9.72> <CoreInst = "m_axi">   --->   Core 119 'm_axi' <Latency = 0> <II = 1> <Delay = 1.00> <Adapter> <Opcode : 'read' 'write' 'readreq' 'writereq' 'writeresp'>

State 22 <SV = 21> <Delay = 9.72>
ST_22 : Operation 131 [51/71] (9.72ns)   --->   "%empty_18 = readreq i1 @_ssdm_op_ReadReq.m_axi.p1i32, i32 %gmem_addr, i64 %zext_ln23" [../../../src/mem_read.cpp:23]   --->   Operation 131 'readreq' 'empty_18' <Predicate = (first_iter_0)> <Delay = 9.72> <CoreInst = "m_axi">   --->   Core 119 'm_axi' <Latency = 0> <II = 1> <Delay = 1.00> <Adapter> <Opcode : 'read' 'write' 'readreq' 'writereq' 'writeresp'>

State 23 <SV = 22> <Delay = 9.72>
ST_23 : Operation 132 [50/71] (9.72ns)   --->   "%empty_18 = readreq i1 @_ssdm_op_ReadReq.m_axi.p1i32, i32 %gmem_addr, i64 %zext_ln23" [../../../src/mem_read.cpp:23]   --->   Operation 132 'readreq' 'empty_18' <Predicate = (first_iter_0)> <Delay = 9.72> <CoreInst = "m_axi">   --->   Core 119 'm_axi' <Latency = 0> <II = 1> <Delay = 1.00> <Adapter> <Opcode : 'read' 'write' 'readreq' 'writereq' 'writeresp'>

State 24 <SV = 23> <Delay = 9.72>
ST_24 : Operation 133 [49/71] (9.72ns)   --->   "%empty_18 = readreq i1 @_ssdm_op_ReadReq.m_axi.p1i32, i32 %gmem_addr, i64 %zext_ln23" [../../../src/mem_read.cpp:23]   --->   Operation 133 'readreq' 'empty_18' <Predicate = (first_iter_0)> <Delay = 9.72> <CoreInst = "m_axi">   --->   Core 119 'm_axi' <Latency = 0> <II = 1> <Delay = 1.00> <Adapter> <Opcode : 'read' 'write' 'readreq' 'writereq' 'writeresp'>

State 25 <SV = 24> <Delay = 9.72>
ST_25 : Operation 134 [48/71] (9.72ns)   --->   "%empty_18 = readreq i1 @_ssdm_op_ReadReq.m_axi.p1i32, i32 %gmem_addr, i64 %zext_ln23" [../../../src/mem_read.cpp:23]   --->   Operation 134 'readreq' 'empty_18' <Predicate = (first_iter_0)> <Delay = 9.72> <CoreInst = "m_axi">   --->   Core 119 'm_axi' <Latency = 0> <II = 1> <Delay = 1.00> <Adapter> <Opcode : 'read' 'write' 'readreq' 'writereq' 'writeresp'>

State 26 <SV = 25> <Delay = 9.72>
ST_26 : Operation 135 [47/71] (9.72ns)   --->   "%empty_18 = readreq i1 @_ssdm_op_ReadReq.m_axi.p1i32, i32 %gmem_addr, i64 %zext_ln23" [../../../src/mem_read.cpp:23]   --->   Operation 135 'readreq' 'empty_18' <Predicate = (first_iter_0)> <Delay = 9.72> <CoreInst = "m_axi">   --->   Core 119 'm_axi' <Latency = 0> <II = 1> <Delay = 1.00> <Adapter> <Opcode : 'read' 'write' 'readreq' 'writereq' 'writeresp'>

State 27 <SV = 26> <Delay = 9.72>
ST_27 : Operation 136 [46/71] (9.72ns)   --->   "%empty_18 = readreq i1 @_ssdm_op_ReadReq.m_axi.p1i32, i32 %gmem_addr, i64 %zext_ln23" [../../../src/mem_read.cpp:23]   --->   Operation 136 'readreq' 'empty_18' <Predicate = (first_iter_0)> <Delay = 9.72> <CoreInst = "m_axi">   --->   Core 119 'm_axi' <Latency = 0> <II = 1> <Delay = 1.00> <Adapter> <Opcode : 'read' 'write' 'readreq' 'writereq' 'writeresp'>

State 28 <SV = 27> <Delay = 9.72>
ST_28 : Operation 137 [45/71] (9.72ns)   --->   "%empty_18 = readreq i1 @_ssdm_op_ReadReq.m_axi.p1i32, i32 %gmem_addr, i64 %zext_ln23" [../../../src/mem_read.cpp:23]   --->   Operation 137 'readreq' 'empty_18' <Predicate = (first_iter_0)> <Delay = 9.72> <CoreInst = "m_axi">   --->   Core 119 'm_axi' <Latency = 0> <II = 1> <Delay = 1.00> <Adapter> <Opcode : 'read' 'write' 'readreq' 'writereq' 'writeresp'>

State 29 <SV = 28> <Delay = 9.72>
ST_29 : Operation 138 [44/71] (9.72ns)   --->   "%empty_18 = readreq i1 @_ssdm_op_ReadReq.m_axi.p1i32, i32 %gmem_addr, i64 %zext_ln23" [../../../src/mem_read.cpp:23]   --->   Operation 138 'readreq' 'empty_18' <Predicate = (first_iter_0)> <Delay = 9.72> <CoreInst = "m_axi">   --->   Core 119 'm_axi' <Latency = 0> <II = 1> <Delay = 1.00> <Adapter> <Opcode : 'read' 'write' 'readreq' 'writereq' 'writeresp'>

State 30 <SV = 29> <Delay = 9.72>
ST_30 : Operation 139 [43/71] (9.72ns)   --->   "%empty_18 = readreq i1 @_ssdm_op_ReadReq.m_axi.p1i32, i32 %gmem_addr, i64 %zext_ln23" [../../../src/mem_read.cpp:23]   --->   Operation 139 'readreq' 'empty_18' <Predicate = (first_iter_0)> <Delay = 9.72> <CoreInst = "m_axi">   --->   Core 119 'm_axi' <Latency = 0> <II = 1> <Delay = 1.00> <Adapter> <Opcode : 'read' 'write' 'readreq' 'writereq' 'writeresp'>

State 31 <SV = 30> <Delay = 9.72>
ST_31 : Operation 140 [42/71] (9.72ns)   --->   "%empty_18 = readreq i1 @_ssdm_op_ReadReq.m_axi.p1i32, i32 %gmem_addr, i64 %zext_ln23" [../../../src/mem_read.cpp:23]   --->   Operation 140 'readreq' 'empty_18' <Predicate = (first_iter_0)> <Delay = 9.72> <CoreInst = "m_axi">   --->   Core 119 'm_axi' <Latency = 0> <II = 1> <Delay = 1.00> <Adapter> <Opcode : 'read' 'write' 'readreq' 'writereq' 'writeresp'>

State 32 <SV = 31> <Delay = 9.72>
ST_32 : Operation 141 [41/71] (9.72ns)   --->   "%empty_18 = readreq i1 @_ssdm_op_ReadReq.m_axi.p1i32, i32 %gmem_addr, i64 %zext_ln23" [../../../src/mem_read.cpp:23]   --->   Operation 141 'readreq' 'empty_18' <Predicate = (first_iter_0)> <Delay = 9.72> <CoreInst = "m_axi">   --->   Core 119 'm_axi' <Latency = 0> <II = 1> <Delay = 1.00> <Adapter> <Opcode : 'read' 'write' 'readreq' 'writereq' 'writeresp'>

State 33 <SV = 32> <Delay = 9.72>
ST_33 : Operation 142 [40/71] (9.72ns)   --->   "%empty_18 = readreq i1 @_ssdm_op_ReadReq.m_axi.p1i32, i32 %gmem_addr, i64 %zext_ln23" [../../../src/mem_read.cpp:23]   --->   Operation 142 'readreq' 'empty_18' <Predicate = (first_iter_0)> <Delay = 9.72> <CoreInst = "m_axi">   --->   Core 119 'm_axi' <Latency = 0> <II = 1> <Delay = 1.00> <Adapter> <Opcode : 'read' 'write' 'readreq' 'writereq' 'writeresp'>

State 34 <SV = 33> <Delay = 9.72>
ST_34 : Operation 143 [39/71] (9.72ns)   --->   "%empty_18 = readreq i1 @_ssdm_op_ReadReq.m_axi.p1i32, i32 %gmem_addr, i64 %zext_ln23" [../../../src/mem_read.cpp:23]   --->   Operation 143 'readreq' 'empty_18' <Predicate = (first_iter_0)> <Delay = 9.72> <CoreInst = "m_axi">   --->   Core 119 'm_axi' <Latency = 0> <II = 1> <Delay = 1.00> <Adapter> <Opcode : 'read' 'write' 'readreq' 'writereq' 'writeresp'>

State 35 <SV = 34> <Delay = 9.72>
ST_35 : Operation 144 [38/71] (9.72ns)   --->   "%empty_18 = readreq i1 @_ssdm_op_ReadReq.m_axi.p1i32, i32 %gmem_addr, i64 %zext_ln23" [../../../src/mem_read.cpp:23]   --->   Operation 144 'readreq' 'empty_18' <Predicate = (first_iter_0)> <Delay = 9.72> <CoreInst = "m_axi">   --->   Core 119 'm_axi' <Latency = 0> <II = 1> <Delay = 1.00> <Adapter> <Opcode : 'read' 'write' 'readreq' 'writereq' 'writeresp'>

State 36 <SV = 35> <Delay = 9.72>
ST_36 : Operation 145 [37/71] (9.72ns)   --->   "%empty_18 = readreq i1 @_ssdm_op_ReadReq.m_axi.p1i32, i32 %gmem_addr, i64 %zext_ln23" [../../../src/mem_read.cpp:23]   --->   Operation 145 'readreq' 'empty_18' <Predicate = (first_iter_0)> <Delay = 9.72> <CoreInst = "m_axi">   --->   Core 119 'm_axi' <Latency = 0> <II = 1> <Delay = 1.00> <Adapter> <Opcode : 'read' 'write' 'readreq' 'writereq' 'writeresp'>

State 37 <SV = 36> <Delay = 9.72>
ST_37 : Operation 146 [36/71] (9.72ns)   --->   "%empty_18 = readreq i1 @_ssdm_op_ReadReq.m_axi.p1i32, i32 %gmem_addr, i64 %zext_ln23" [../../../src/mem_read.cpp:23]   --->   Operation 146 'readreq' 'empty_18' <Predicate = (first_iter_0)> <Delay = 9.72> <CoreInst = "m_axi">   --->   Core 119 'm_axi' <Latency = 0> <II = 1> <Delay = 1.00> <Adapter> <Opcode : 'read' 'write' 'readreq' 'writereq' 'writeresp'>

State 38 <SV = 37> <Delay = 9.72>
ST_38 : Operation 147 [35/71] (9.72ns)   --->   "%empty_18 = readreq i1 @_ssdm_op_ReadReq.m_axi.p1i32, i32 %gmem_addr, i64 %zext_ln23" [../../../src/mem_read.cpp:23]   --->   Operation 147 'readreq' 'empty_18' <Predicate = (first_iter_0)> <Delay = 9.72> <CoreInst = "m_axi">   --->   Core 119 'm_axi' <Latency = 0> <II = 1> <Delay = 1.00> <Adapter> <Opcode : 'read' 'write' 'readreq' 'writereq' 'writeresp'>

State 39 <SV = 38> <Delay = 9.72>
ST_39 : Operation 148 [34/71] (9.72ns)   --->   "%empty_18 = readreq i1 @_ssdm_op_ReadReq.m_axi.p1i32, i32 %gmem_addr, i64 %zext_ln23" [../../../src/mem_read.cpp:23]   --->   Operation 148 'readreq' 'empty_18' <Predicate = (first_iter_0)> <Delay = 9.72> <CoreInst = "m_axi">   --->   Core 119 'm_axi' <Latency = 0> <II = 1> <Delay = 1.00> <Adapter> <Opcode : 'read' 'write' 'readreq' 'writereq' 'writeresp'>

State 40 <SV = 39> <Delay = 9.72>
ST_40 : Operation 149 [33/71] (9.72ns)   --->   "%empty_18 = readreq i1 @_ssdm_op_ReadReq.m_axi.p1i32, i32 %gmem_addr, i64 %zext_ln23" [../../../src/mem_read.cpp:23]   --->   Operation 149 'readreq' 'empty_18' <Predicate = (first_iter_0)> <Delay = 9.72> <CoreInst = "m_axi">   --->   Core 119 'm_axi' <Latency = 0> <II = 1> <Delay = 1.00> <Adapter> <Opcode : 'read' 'write' 'readreq' 'writereq' 'writeresp'>

State 41 <SV = 40> <Delay = 9.72>
ST_41 : Operation 150 [32/71] (9.72ns)   --->   "%empty_18 = readreq i1 @_ssdm_op_ReadReq.m_axi.p1i32, i32 %gmem_addr, i64 %zext_ln23" [../../../src/mem_read.cpp:23]   --->   Operation 150 'readreq' 'empty_18' <Predicate = (first_iter_0)> <Delay = 9.72> <CoreInst = "m_axi">   --->   Core 119 'm_axi' <Latency = 0> <II = 1> <Delay = 1.00> <Adapter> <Opcode : 'read' 'write' 'readreq' 'writereq' 'writeresp'>

State 42 <SV = 41> <Delay = 9.72>
ST_42 : Operation 151 [31/71] (9.72ns)   --->   "%empty_18 = readreq i1 @_ssdm_op_ReadReq.m_axi.p1i32, i32 %gmem_addr, i64 %zext_ln23" [../../../src/mem_read.cpp:23]   --->   Operation 151 'readreq' 'empty_18' <Predicate = (first_iter_0)> <Delay = 9.72> <CoreInst = "m_axi">   --->   Core 119 'm_axi' <Latency = 0> <II = 1> <Delay = 1.00> <Adapter> <Opcode : 'read' 'write' 'readreq' 'writereq' 'writeresp'>

State 43 <SV = 42> <Delay = 9.72>
ST_43 : Operation 152 [30/71] (9.72ns)   --->   "%empty_18 = readreq i1 @_ssdm_op_ReadReq.m_axi.p1i32, i32 %gmem_addr, i64 %zext_ln23" [../../../src/mem_read.cpp:23]   --->   Operation 152 'readreq' 'empty_18' <Predicate = (first_iter_0)> <Delay = 9.72> <CoreInst = "m_axi">   --->   Core 119 'm_axi' <Latency = 0> <II = 1> <Delay = 1.00> <Adapter> <Opcode : 'read' 'write' 'readreq' 'writereq' 'writeresp'>

State 44 <SV = 43> <Delay = 9.72>
ST_44 : Operation 153 [29/71] (9.72ns)   --->   "%empty_18 = readreq i1 @_ssdm_op_ReadReq.m_axi.p1i32, i32 %gmem_addr, i64 %zext_ln23" [../../../src/mem_read.cpp:23]   --->   Operation 153 'readreq' 'empty_18' <Predicate = (first_iter_0)> <Delay = 9.72> <CoreInst = "m_axi">   --->   Core 119 'm_axi' <Latency = 0> <II = 1> <Delay = 1.00> <Adapter> <Opcode : 'read' 'write' 'readreq' 'writereq' 'writeresp'>

State 45 <SV = 44> <Delay = 9.72>
ST_45 : Operation 154 [28/71] (9.72ns)   --->   "%empty_18 = readreq i1 @_ssdm_op_ReadReq.m_axi.p1i32, i32 %gmem_addr, i64 %zext_ln23" [../../../src/mem_read.cpp:23]   --->   Operation 154 'readreq' 'empty_18' <Predicate = (first_iter_0)> <Delay = 9.72> <CoreInst = "m_axi">   --->   Core 119 'm_axi' <Latency = 0> <II = 1> <Delay = 1.00> <Adapter> <Opcode : 'read' 'write' 'readreq' 'writereq' 'writeresp'>

State 46 <SV = 45> <Delay = 9.72>
ST_46 : Operation 155 [27/71] (9.72ns)   --->   "%empty_18 = readreq i1 @_ssdm_op_ReadReq.m_axi.p1i32, i32 %gmem_addr, i64 %zext_ln23" [../../../src/mem_read.cpp:23]   --->   Operation 155 'readreq' 'empty_18' <Predicate = (first_iter_0)> <Delay = 9.72> <CoreInst = "m_axi">   --->   Core 119 'm_axi' <Latency = 0> <II = 1> <Delay = 1.00> <Adapter> <Opcode : 'read' 'write' 'readreq' 'writereq' 'writeresp'>

State 47 <SV = 46> <Delay = 9.72>
ST_47 : Operation 156 [26/71] (9.72ns)   --->   "%empty_18 = readreq i1 @_ssdm_op_ReadReq.m_axi.p1i32, i32 %gmem_addr, i64 %zext_ln23" [../../../src/mem_read.cpp:23]   --->   Operation 156 'readreq' 'empty_18' <Predicate = (first_iter_0)> <Delay = 9.72> <CoreInst = "m_axi">   --->   Core 119 'm_axi' <Latency = 0> <II = 1> <Delay = 1.00> <Adapter> <Opcode : 'read' 'write' 'readreq' 'writereq' 'writeresp'>

State 48 <SV = 47> <Delay = 9.72>
ST_48 : Operation 157 [25/71] (9.72ns)   --->   "%empty_18 = readreq i1 @_ssdm_op_ReadReq.m_axi.p1i32, i32 %gmem_addr, i64 %zext_ln23" [../../../src/mem_read.cpp:23]   --->   Operation 157 'readreq' 'empty_18' <Predicate = (first_iter_0)> <Delay = 9.72> <CoreInst = "m_axi">   --->   Core 119 'm_axi' <Latency = 0> <II = 1> <Delay = 1.00> <Adapter> <Opcode : 'read' 'write' 'readreq' 'writereq' 'writeresp'>

State 49 <SV = 48> <Delay = 9.72>
ST_49 : Operation 158 [24/71] (9.72ns)   --->   "%empty_18 = readreq i1 @_ssdm_op_ReadReq.m_axi.p1i32, i32 %gmem_addr, i64 %zext_ln23" [../../../src/mem_read.cpp:23]   --->   Operation 158 'readreq' 'empty_18' <Predicate = (first_iter_0)> <Delay = 9.72> <CoreInst = "m_axi">   --->   Core 119 'm_axi' <Latency = 0> <II = 1> <Delay = 1.00> <Adapter> <Opcode : 'read' 'write' 'readreq' 'writereq' 'writeresp'>

State 50 <SV = 49> <Delay = 9.72>
ST_50 : Operation 159 [23/71] (9.72ns)   --->   "%empty_18 = readreq i1 @_ssdm_op_ReadReq.m_axi.p1i32, i32 %gmem_addr, i64 %zext_ln23" [../../../src/mem_read.cpp:23]   --->   Operation 159 'readreq' 'empty_18' <Predicate = (first_iter_0)> <Delay = 9.72> <CoreInst = "m_axi">   --->   Core 119 'm_axi' <Latency = 0> <II = 1> <Delay = 1.00> <Adapter> <Opcode : 'read' 'write' 'readreq' 'writereq' 'writeresp'>

State 51 <SV = 50> <Delay = 9.72>
ST_51 : Operation 160 [22/71] (9.72ns)   --->   "%empty_18 = readreq i1 @_ssdm_op_ReadReq.m_axi.p1i32, i32 %gmem_addr, i64 %zext_ln23" [../../../src/mem_read.cpp:23]   --->   Operation 160 'readreq' 'empty_18' <Predicate = (first_iter_0)> <Delay = 9.72> <CoreInst = "m_axi">   --->   Core 119 'm_axi' <Latency = 0> <II = 1> <Delay = 1.00> <Adapter> <Opcode : 'read' 'write' 'readreq' 'writereq' 'writeresp'>

State 52 <SV = 51> <Delay = 9.72>
ST_52 : Operation 161 [21/71] (9.72ns)   --->   "%empty_18 = readreq i1 @_ssdm_op_ReadReq.m_axi.p1i32, i32 %gmem_addr, i64 %zext_ln23" [../../../src/mem_read.cpp:23]   --->   Operation 161 'readreq' 'empty_18' <Predicate = (first_iter_0)> <Delay = 9.72> <CoreInst = "m_axi">   --->   Core 119 'm_axi' <Latency = 0> <II = 1> <Delay = 1.00> <Adapter> <Opcode : 'read' 'write' 'readreq' 'writereq' 'writeresp'>

State 53 <SV = 52> <Delay = 9.72>
ST_53 : Operation 162 [20/71] (9.72ns)   --->   "%empty_18 = readreq i1 @_ssdm_op_ReadReq.m_axi.p1i32, i32 %gmem_addr, i64 %zext_ln23" [../../../src/mem_read.cpp:23]   --->   Operation 162 'readreq' 'empty_18' <Predicate = (first_iter_0)> <Delay = 9.72> <CoreInst = "m_axi">   --->   Core 119 'm_axi' <Latency = 0> <II = 1> <Delay = 1.00> <Adapter> <Opcode : 'read' 'write' 'readreq' 'writereq' 'writeresp'>

State 54 <SV = 53> <Delay = 9.72>
ST_54 : Operation 163 [19/71] (9.72ns)   --->   "%empty_18 = readreq i1 @_ssdm_op_ReadReq.m_axi.p1i32, i32 %gmem_addr, i64 %zext_ln23" [../../../src/mem_read.cpp:23]   --->   Operation 163 'readreq' 'empty_18' <Predicate = (first_iter_0)> <Delay = 9.72> <CoreInst = "m_axi">   --->   Core 119 'm_axi' <Latency = 0> <II = 1> <Delay = 1.00> <Adapter> <Opcode : 'read' 'write' 'readreq' 'writereq' 'writeresp'>

State 55 <SV = 54> <Delay = 9.72>
ST_55 : Operation 164 [18/71] (9.72ns)   --->   "%empty_18 = readreq i1 @_ssdm_op_ReadReq.m_axi.p1i32, i32 %gmem_addr, i64 %zext_ln23" [../../../src/mem_read.cpp:23]   --->   Operation 164 'readreq' 'empty_18' <Predicate = (first_iter_0)> <Delay = 9.72> <CoreInst = "m_axi">   --->   Core 119 'm_axi' <Latency = 0> <II = 1> <Delay = 1.00> <Adapter> <Opcode : 'read' 'write' 'readreq' 'writereq' 'writeresp'>

State 56 <SV = 55> <Delay = 9.72>
ST_56 : Operation 165 [17/71] (9.72ns)   --->   "%empty_18 = readreq i1 @_ssdm_op_ReadReq.m_axi.p1i32, i32 %gmem_addr, i64 %zext_ln23" [../../../src/mem_read.cpp:23]   --->   Operation 165 'readreq' 'empty_18' <Predicate = (first_iter_0)> <Delay = 9.72> <CoreInst = "m_axi">   --->   Core 119 'm_axi' <Latency = 0> <II = 1> <Delay = 1.00> <Adapter> <Opcode : 'read' 'write' 'readreq' 'writereq' 'writeresp'>

State 57 <SV = 56> <Delay = 9.72>
ST_57 : Operation 166 [16/71] (9.72ns)   --->   "%empty_18 = readreq i1 @_ssdm_op_ReadReq.m_axi.p1i32, i32 %gmem_addr, i64 %zext_ln23" [../../../src/mem_read.cpp:23]   --->   Operation 166 'readreq' 'empty_18' <Predicate = (first_iter_0)> <Delay = 9.72> <CoreInst = "m_axi">   --->   Core 119 'm_axi' <Latency = 0> <II = 1> <Delay = 1.00> <Adapter> <Opcode : 'read' 'write' 'readreq' 'writereq' 'writeresp'>

State 58 <SV = 57> <Delay = 9.72>
ST_58 : Operation 167 [15/71] (9.72ns)   --->   "%empty_18 = readreq i1 @_ssdm_op_ReadReq.m_axi.p1i32, i32 %gmem_addr, i64 %zext_ln23" [../../../src/mem_read.cpp:23]   --->   Operation 167 'readreq' 'empty_18' <Predicate = (first_iter_0)> <Delay = 9.72> <CoreInst = "m_axi">   --->   Core 119 'm_axi' <Latency = 0> <II = 1> <Delay = 1.00> <Adapter> <Opcode : 'read' 'write' 'readreq' 'writereq' 'writeresp'>

State 59 <SV = 58> <Delay = 9.72>
ST_59 : Operation 168 [14/71] (9.72ns)   --->   "%empty_18 = readreq i1 @_ssdm_op_ReadReq.m_axi.p1i32, i32 %gmem_addr, i64 %zext_ln23" [../../../src/mem_read.cpp:23]   --->   Operation 168 'readreq' 'empty_18' <Predicate = (first_iter_0)> <Delay = 9.72> <CoreInst = "m_axi">   --->   Core 119 'm_axi' <Latency = 0> <II = 1> <Delay = 1.00> <Adapter> <Opcode : 'read' 'write' 'readreq' 'writereq' 'writeresp'>

State 60 <SV = 59> <Delay = 9.72>
ST_60 : Operation 169 [13/71] (9.72ns)   --->   "%empty_18 = readreq i1 @_ssdm_op_ReadReq.m_axi.p1i32, i32 %gmem_addr, i64 %zext_ln23" [../../../src/mem_read.cpp:23]   --->   Operation 169 'readreq' 'empty_18' <Predicate = (first_iter_0)> <Delay = 9.72> <CoreInst = "m_axi">   --->   Core 119 'm_axi' <Latency = 0> <II = 1> <Delay = 1.00> <Adapter> <Opcode : 'read' 'write' 'readreq' 'writereq' 'writeresp'>

State 61 <SV = 60> <Delay = 9.72>
ST_61 : Operation 170 [12/71] (9.72ns)   --->   "%empty_18 = readreq i1 @_ssdm_op_ReadReq.m_axi.p1i32, i32 %gmem_addr, i64 %zext_ln23" [../../../src/mem_read.cpp:23]   --->   Operation 170 'readreq' 'empty_18' <Predicate = (first_iter_0)> <Delay = 9.72> <CoreInst = "m_axi">   --->   Core 119 'm_axi' <Latency = 0> <II = 1> <Delay = 1.00> <Adapter> <Opcode : 'read' 'write' 'readreq' 'writereq' 'writeresp'>

State 62 <SV = 61> <Delay = 9.72>
ST_62 : Operation 171 [11/71] (9.72ns)   --->   "%empty_18 = readreq i1 @_ssdm_op_ReadReq.m_axi.p1i32, i32 %gmem_addr, i64 %zext_ln23" [../../../src/mem_read.cpp:23]   --->   Operation 171 'readreq' 'empty_18' <Predicate = (first_iter_0)> <Delay = 9.72> <CoreInst = "m_axi">   --->   Core 119 'm_axi' <Latency = 0> <II = 1> <Delay = 1.00> <Adapter> <Opcode : 'read' 'write' 'readreq' 'writereq' 'writeresp'>

State 63 <SV = 62> <Delay = 9.72>
ST_63 : Operation 172 [10/71] (9.72ns)   --->   "%empty_18 = readreq i1 @_ssdm_op_ReadReq.m_axi.p1i32, i32 %gmem_addr, i64 %zext_ln23" [../../../src/mem_read.cpp:23]   --->   Operation 172 'readreq' 'empty_18' <Predicate = (first_iter_0)> <Delay = 9.72> <CoreInst = "m_axi">   --->   Core 119 'm_axi' <Latency = 0> <II = 1> <Delay = 1.00> <Adapter> <Opcode : 'read' 'write' 'readreq' 'writereq' 'writeresp'>

State 64 <SV = 63> <Delay = 9.72>
ST_64 : Operation 173 [9/71] (9.72ns)   --->   "%empty_18 = readreq i1 @_ssdm_op_ReadReq.m_axi.p1i32, i32 %gmem_addr, i64 %zext_ln23" [../../../src/mem_read.cpp:23]   --->   Operation 173 'readreq' 'empty_18' <Predicate = (first_iter_0)> <Delay = 9.72> <CoreInst = "m_axi">   --->   Core 119 'm_axi' <Latency = 0> <II = 1> <Delay = 1.00> <Adapter> <Opcode : 'read' 'write' 'readreq' 'writereq' 'writeresp'>

State 65 <SV = 64> <Delay = 9.72>
ST_65 : Operation 174 [8/71] (9.72ns)   --->   "%empty_18 = readreq i1 @_ssdm_op_ReadReq.m_axi.p1i32, i32 %gmem_addr, i64 %zext_ln23" [../../../src/mem_read.cpp:23]   --->   Operation 174 'readreq' 'empty_18' <Predicate = (first_iter_0)> <Delay = 9.72> <CoreInst = "m_axi">   --->   Core 119 'm_axi' <Latency = 0> <II = 1> <Delay = 1.00> <Adapter> <Opcode : 'read' 'write' 'readreq' 'writereq' 'writeresp'>

State 66 <SV = 65> <Delay = 9.72>
ST_66 : Operation 175 [7/71] (9.72ns)   --->   "%empty_18 = readreq i1 @_ssdm_op_ReadReq.m_axi.p1i32, i32 %gmem_addr, i64 %zext_ln23" [../../../src/mem_read.cpp:23]   --->   Operation 175 'readreq' 'empty_18' <Predicate = (first_iter_0)> <Delay = 9.72> <CoreInst = "m_axi">   --->   Core 119 'm_axi' <Latency = 0> <II = 1> <Delay = 1.00> <Adapter> <Opcode : 'read' 'write' 'readreq' 'writereq' 'writeresp'>

State 67 <SV = 66> <Delay = 9.72>
ST_67 : Operation 176 [6/71] (9.72ns)   --->   "%empty_18 = readreq i1 @_ssdm_op_ReadReq.m_axi.p1i32, i32 %gmem_addr, i64 %zext_ln23" [../../../src/mem_read.cpp:23]   --->   Operation 176 'readreq' 'empty_18' <Predicate = (first_iter_0)> <Delay = 9.72> <CoreInst = "m_axi">   --->   Core 119 'm_axi' <Latency = 0> <II = 1> <Delay = 1.00> <Adapter> <Opcode : 'read' 'write' 'readreq' 'writereq' 'writeresp'>

State 68 <SV = 67> <Delay = 9.72>
ST_68 : Operation 177 [5/71] (9.72ns)   --->   "%empty_18 = readreq i1 @_ssdm_op_ReadReq.m_axi.p1i32, i32 %gmem_addr, i64 %zext_ln23" [../../../src/mem_read.cpp:23]   --->   Operation 177 'readreq' 'empty_18' <Predicate = (first_iter_0)> <Delay = 9.72> <CoreInst = "m_axi">   --->   Core 119 'm_axi' <Latency = 0> <II = 1> <Delay = 1.00> <Adapter> <Opcode : 'read' 'write' 'readreq' 'writereq' 'writeresp'>

State 69 <SV = 68> <Delay = 9.72>
ST_69 : Operation 178 [4/71] (9.72ns)   --->   "%empty_18 = readreq i1 @_ssdm_op_ReadReq.m_axi.p1i32, i32 %gmem_addr, i64 %zext_ln23" [../../../src/mem_read.cpp:23]   --->   Operation 178 'readreq' 'empty_18' <Predicate = (first_iter_0)> <Delay = 9.72> <CoreInst = "m_axi">   --->   Core 119 'm_axi' <Latency = 0> <II = 1> <Delay = 1.00> <Adapter> <Opcode : 'read' 'write' 'readreq' 'writereq' 'writeresp'>

State 70 <SV = 69> <Delay = 9.72>
ST_70 : Operation 179 [3/71] (9.72ns)   --->   "%empty_18 = readreq i1 @_ssdm_op_ReadReq.m_axi.p1i32, i32 %gmem_addr, i64 %zext_ln23" [../../../src/mem_read.cpp:23]   --->   Operation 179 'readreq' 'empty_18' <Predicate = (first_iter_0)> <Delay = 9.72> <CoreInst = "m_axi">   --->   Core 119 'm_axi' <Latency = 0> <II = 1> <Delay = 1.00> <Adapter> <Opcode : 'read' 'write' 'readreq' 'writereq' 'writeresp'>

State 71 <SV = 70> <Delay = 9.72>
ST_71 : Operation 180 [2/71] (9.72ns)   --->   "%empty_18 = readreq i1 @_ssdm_op_ReadReq.m_axi.p1i32, i32 %gmem_addr, i64 %zext_ln23" [../../../src/mem_read.cpp:23]   --->   Operation 180 'readreq' 'empty_18' <Predicate = (first_iter_0)> <Delay = 9.72> <CoreInst = "m_axi">   --->   Core 119 'm_axi' <Latency = 0> <II = 1> <Delay = 1.00> <Adapter> <Opcode : 'read' 'write' 'readreq' 'writereq' 'writeresp'>

State 72 <SV = 71> <Delay = 9.72>
ST_72 : Operation 181 [1/71] (9.72ns)   --->   "%empty_18 = readreq i1 @_ssdm_op_ReadReq.m_axi.p1i32, i32 %gmem_addr, i64 %zext_ln23" [../../../src/mem_read.cpp:23]   --->   Operation 181 'readreq' 'empty_18' <Predicate = (first_iter_0)> <Delay = 9.72> <CoreInst = "m_axi">   --->   Core 119 'm_axi' <Latency = 0> <II = 1> <Delay = 1.00> <Adapter> <Opcode : 'read' 'write' 'readreq' 'writereq' 'writeresp'>
ST_72 : Operation 182 [1/1] (0.00ns)   --->   "%br_ln23 = br void %for.inc.split" [../../../src/mem_read.cpp:23]   --->   Operation 182 'br' 'br_ln23' <Predicate = (first_iter_0)> <Delay = 0.00>

State 73 <SV = 72> <Delay = 9.72>
ST_73 : Operation 183 [1/1] (9.72ns)   --->   "%a = read i32 @_ssdm_op_Read.m_axi.p1i32, i32 %gmem_addr" [../../../src/mem_read.cpp:24]   --->   Operation 183 'read' 'a' <Predicate = (icmp_ln23_1)> <Delay = 9.72> <CoreInst = "m_axi">   --->   Core 119 'm_axi' <Latency = 0> <II = 1> <Delay = 1.00> <Adapter> <Opcode : 'read' 'write' 'readreq' 'writereq' 'writeresp'>
ST_73 : Operation 184 [1/1] (0.00ns)   --->   "%trunc_ln27 = trunc i32 %a" [../../../src/mem_read.cpp:27]   --->   Operation 184 'trunc' 'trunc_ln27' <Predicate = (icmp_ln23_1)> <Delay = 0.00>

State 74 <SV = 73> <Delay = 0.51>
ST_74 : Operation 185 [1/1] (0.00ns)   --->   "%zext_ln27 = zext i17 %trunc_ln27" [../../../src/mem_read.cpp:27]   --->   Operation 185 'zext' 'zext_ln27' <Predicate = (icmp_ln23_1)> <Delay = 0.00>
ST_74 : Operation 186 [2/2] (0.51ns)   --->   "%write_ln27 = write void @_ssdm_op_Write.axis.volatile.i24P128A, i24 %stream, i24 %zext_ln27" [../../../src/mem_read.cpp:27]   --->   Operation 186 'write' 'write_ln27' <Predicate = (icmp_ln23_1)> <Delay = 0.51> <CoreInst = "regslice">   --->   Core 148 'regslice' <Latency = 0> <II = 1> <Delay = 0.63> <Adapter> <Opcode : 'read' 'write'>
ST_74 : Operation 190 [1/1] (0.38ns)   --->   "%ret_ln29 = ret" [../../../src/mem_read.cpp:29]   --->   Operation 190 'ret' 'ret_ln29' <Predicate = (!icmp_ln23_1)> <Delay = 0.38>

State 75 <SV = 74> <Delay = 0.51>
ST_75 : Operation 187 [1/1] (0.00ns)   --->   "%specpipeline_ln23 = specpipeline void @_ssdm_op_SpecPipeline, i32 4294967295, i32 0, i32 0, i32 0, void @empty_12" [../../../src/mem_read.cpp:23]   --->   Operation 187 'specpipeline' 'specpipeline_ln23' <Predicate = (icmp_ln23_1)> <Delay = 0.00>
ST_75 : Operation 188 [1/1] (0.00ns)   --->   "%specloopname_ln23 = specloopname void @_ssdm_op_SpecLoopName, void @empty_11" [../../../src/mem_read.cpp:23]   --->   Operation 188 'specloopname' 'specloopname_ln23' <Predicate = (icmp_ln23_1)> <Delay = 0.00>
ST_75 : Operation 189 [1/2] (0.51ns)   --->   "%write_ln27 = write void @_ssdm_op_Write.axis.volatile.i24P128A, i24 %stream, i24 %zext_ln27" [../../../src/mem_read.cpp:27]   --->   Operation 189 'write' 'write_ln27' <Predicate = (icmp_ln23_1)> <Delay = 0.51> <CoreInst = "regslice">   --->   Core 148 'regslice' <Latency = 0> <II = 1> <Delay = 0.63> <Adapter> <Opcode : 'read' 'write'>


============================================================
+ Verbose Summary: Timing violations
============================================================
Target clock period: 13.324ns, clock uncertainty: 3.597ns.

 <State 1>: 2.267ns
The critical path consists of the following:
	wire read operation ('size_read', ../../../src/mem_read.cpp:22) on port 'size' (../../../src/mem_read.cpp:22) [18]  (1.000 ns)
	'icmp' operation 1 bit ('icmp_ln23_1', ../../../src/mem_read.cpp:23) [30]  (0.880 ns)
	'store' operation 0 bit ('store_ln23', ../../../src/mem_read.cpp:23) of variable 'add_ln23', ../../../src/mem_read.cpp:23 on local variable 'i' [48]  (0.387 ns)

 <State 2>: 9.727ns
The critical path consists of the following:
	'getelementptr' operation 32 bit ('gmem_addr', ../../../src/mem_read.cpp:23) [35]  (0.000 ns)
	bus request operation ('empty_18', ../../../src/mem_read.cpp:23) on port 'gmem' (../../../src/mem_read.cpp:23) [38]  (9.727 ns)

 <State 3>: 9.727ns
The critical path consists of the following:
	bus request operation ('empty_18', ../../../src/mem_read.cpp:23) on port 'gmem' (../../../src/mem_read.cpp:23) [38]  (9.727 ns)

 <State 4>: 9.727ns
The critical path consists of the following:
	bus request operation ('empty_18', ../../../src/mem_read.cpp:23) on port 'gmem' (../../../src/mem_read.cpp:23) [38]  (9.727 ns)

 <State 5>: 9.727ns
The critical path consists of the following:
	bus request operation ('empty_18', ../../../src/mem_read.cpp:23) on port 'gmem' (../../../src/mem_read.cpp:23) [38]  (9.727 ns)

 <State 6>: 9.727ns
The critical path consists of the following:
	bus request operation ('empty_18', ../../../src/mem_read.cpp:23) on port 'gmem' (../../../src/mem_read.cpp:23) [38]  (9.727 ns)

 <State 7>: 9.727ns
The critical path consists of the following:
	bus request operation ('empty_18', ../../../src/mem_read.cpp:23) on port 'gmem' (../../../src/mem_read.cpp:23) [38]  (9.727 ns)

 <State 8>: 9.727ns
The critical path consists of the following:
	bus request operation ('empty_18', ../../../src/mem_read.cpp:23) on port 'gmem' (../../../src/mem_read.cpp:23) [38]  (9.727 ns)

 <State 9>: 9.727ns
The critical path consists of the following:
	bus request operation ('empty_18', ../../../src/mem_read.cpp:23) on port 'gmem' (../../../src/mem_read.cpp:23) [38]  (9.727 ns)

 <State 10>: 9.727ns
The critical path consists of the following:
	bus request operation ('empty_18', ../../../src/mem_read.cpp:23) on port 'gmem' (../../../src/mem_read.cpp:23) [38]  (9.727 ns)

 <State 11>: 9.727ns
The critical path consists of the following:
	bus request operation ('empty_18', ../../../src/mem_read.cpp:23) on port 'gmem' (../../../src/mem_read.cpp:23) [38]  (9.727 ns)

 <State 12>: 9.727ns
The critical path consists of the following:
	bus request operation ('empty_18', ../../../src/mem_read.cpp:23) on port 'gmem' (../../../src/mem_read.cpp:23) [38]  (9.727 ns)

 <State 13>: 9.727ns
The critical path consists of the following:
	bus request operation ('empty_18', ../../../src/mem_read.cpp:23) on port 'gmem' (../../../src/mem_read.cpp:23) [38]  (9.727 ns)

 <State 14>: 9.727ns
The critical path consists of the following:
	bus request operation ('empty_18', ../../../src/mem_read.cpp:23) on port 'gmem' (../../../src/mem_read.cpp:23) [38]  (9.727 ns)

 <State 15>: 9.727ns
The critical path consists of the following:
	bus request operation ('empty_18', ../../../src/mem_read.cpp:23) on port 'gmem' (../../../src/mem_read.cpp:23) [38]  (9.727 ns)

 <State 16>: 9.727ns
The critical path consists of the following:
	bus request operation ('empty_18', ../../../src/mem_read.cpp:23) on port 'gmem' (../../../src/mem_read.cpp:23) [38]  (9.727 ns)

 <State 17>: 9.727ns
The critical path consists of the following:
	bus request operation ('empty_18', ../../../src/mem_read.cpp:23) on port 'gmem' (../../../src/mem_read.cpp:23) [38]  (9.727 ns)

 <State 18>: 9.727ns
The critical path consists of the following:
	bus request operation ('empty_18', ../../../src/mem_read.cpp:23) on port 'gmem' (../../../src/mem_read.cpp:23) [38]  (9.727 ns)

 <State 19>: 9.727ns
The critical path consists of the following:
	bus request operation ('empty_18', ../../../src/mem_read.cpp:23) on port 'gmem' (../../../src/mem_read.cpp:23) [38]  (9.727 ns)

 <State 20>: 9.727ns
The critical path consists of the following:
	bus request operation ('empty_18', ../../../src/mem_read.cpp:23) on port 'gmem' (../../../src/mem_read.cpp:23) [38]  (9.727 ns)

 <State 21>: 9.727ns
The critical path consists of the following:
	bus request operation ('empty_18', ../../../src/mem_read.cpp:23) on port 'gmem' (../../../src/mem_read.cpp:23) [38]  (9.727 ns)

 <State 22>: 9.727ns
The critical path consists of the following:
	bus request operation ('empty_18', ../../../src/mem_read.cpp:23) on port 'gmem' (../../../src/mem_read.cpp:23) [38]  (9.727 ns)

 <State 23>: 9.727ns
The critical path consists of the following:
	bus request operation ('empty_18', ../../../src/mem_read.cpp:23) on port 'gmem' (../../../src/mem_read.cpp:23) [38]  (9.727 ns)

 <State 24>: 9.727ns
The critical path consists of the following:
	bus request operation ('empty_18', ../../../src/mem_read.cpp:23) on port 'gmem' (../../../src/mem_read.cpp:23) [38]  (9.727 ns)

 <State 25>: 9.727ns
The critical path consists of the following:
	bus request operation ('empty_18', ../../../src/mem_read.cpp:23) on port 'gmem' (../../../src/mem_read.cpp:23) [38]  (9.727 ns)

 <State 26>: 9.727ns
The critical path consists of the following:
	bus request operation ('empty_18', ../../../src/mem_read.cpp:23) on port 'gmem' (../../../src/mem_read.cpp:23) [38]  (9.727 ns)

 <State 27>: 9.727ns
The critical path consists of the following:
	bus request operation ('empty_18', ../../../src/mem_read.cpp:23) on port 'gmem' (../../../src/mem_read.cpp:23) [38]  (9.727 ns)

 <State 28>: 9.727ns
The critical path consists of the following:
	bus request operation ('empty_18', ../../../src/mem_read.cpp:23) on port 'gmem' (../../../src/mem_read.cpp:23) [38]  (9.727 ns)

 <State 29>: 9.727ns
The critical path consists of the following:
	bus request operation ('empty_18', ../../../src/mem_read.cpp:23) on port 'gmem' (../../../src/mem_read.cpp:23) [38]  (9.727 ns)

 <State 30>: 9.727ns
The critical path consists of the following:
	bus request operation ('empty_18', ../../../src/mem_read.cpp:23) on port 'gmem' (../../../src/mem_read.cpp:23) [38]  (9.727 ns)

 <State 31>: 9.727ns
The critical path consists of the following:
	bus request operation ('empty_18', ../../../src/mem_read.cpp:23) on port 'gmem' (../../../src/mem_read.cpp:23) [38]  (9.727 ns)

 <State 32>: 9.727ns
The critical path consists of the following:
	bus request operation ('empty_18', ../../../src/mem_read.cpp:23) on port 'gmem' (../../../src/mem_read.cpp:23) [38]  (9.727 ns)

 <State 33>: 9.727ns
The critical path consists of the following:
	bus request operation ('empty_18', ../../../src/mem_read.cpp:23) on port 'gmem' (../../../src/mem_read.cpp:23) [38]  (9.727 ns)

 <State 34>: 9.727ns
The critical path consists of the following:
	bus request operation ('empty_18', ../../../src/mem_read.cpp:23) on port 'gmem' (../../../src/mem_read.cpp:23) [38]  (9.727 ns)

 <State 35>: 9.727ns
The critical path consists of the following:
	bus request operation ('empty_18', ../../../src/mem_read.cpp:23) on port 'gmem' (../../../src/mem_read.cpp:23) [38]  (9.727 ns)

 <State 36>: 9.727ns
The critical path consists of the following:
	bus request operation ('empty_18', ../../../src/mem_read.cpp:23) on port 'gmem' (../../../src/mem_read.cpp:23) [38]  (9.727 ns)

 <State 37>: 9.727ns
The critical path consists of the following:
	bus request operation ('empty_18', ../../../src/mem_read.cpp:23) on port 'gmem' (../../../src/mem_read.cpp:23) [38]  (9.727 ns)

 <State 38>: 9.727ns
The critical path consists of the following:
	bus request operation ('empty_18', ../../../src/mem_read.cpp:23) on port 'gmem' (../../../src/mem_read.cpp:23) [38]  (9.727 ns)

 <State 39>: 9.727ns
The critical path consists of the following:
	bus request operation ('empty_18', ../../../src/mem_read.cpp:23) on port 'gmem' (../../../src/mem_read.cpp:23) [38]  (9.727 ns)

 <State 40>: 9.727ns
The critical path consists of the following:
	bus request operation ('empty_18', ../../../src/mem_read.cpp:23) on port 'gmem' (../../../src/mem_read.cpp:23) [38]  (9.727 ns)

 <State 41>: 9.727ns
The critical path consists of the following:
	bus request operation ('empty_18', ../../../src/mem_read.cpp:23) on port 'gmem' (../../../src/mem_read.cpp:23) [38]  (9.727 ns)

 <State 42>: 9.727ns
The critical path consists of the following:
	bus request operation ('empty_18', ../../../src/mem_read.cpp:23) on port 'gmem' (../../../src/mem_read.cpp:23) [38]  (9.727 ns)

 <State 43>: 9.727ns
The critical path consists of the following:
	bus request operation ('empty_18', ../../../src/mem_read.cpp:23) on port 'gmem' (../../../src/mem_read.cpp:23) [38]  (9.727 ns)

 <State 44>: 9.727ns
The critical path consists of the following:
	bus request operation ('empty_18', ../../../src/mem_read.cpp:23) on port 'gmem' (../../../src/mem_read.cpp:23) [38]  (9.727 ns)

 <State 45>: 9.727ns
The critical path consists of the following:
	bus request operation ('empty_18', ../../../src/mem_read.cpp:23) on port 'gmem' (../../../src/mem_read.cpp:23) [38]  (9.727 ns)

 <State 46>: 9.727ns
The critical path consists of the following:
	bus request operation ('empty_18', ../../../src/mem_read.cpp:23) on port 'gmem' (../../../src/mem_read.cpp:23) [38]  (9.727 ns)

 <State 47>: 9.727ns
The critical path consists of the following:
	bus request operation ('empty_18', ../../../src/mem_read.cpp:23) on port 'gmem' (../../../src/mem_read.cpp:23) [38]  (9.727 ns)

 <State 48>: 9.727ns
The critical path consists of the following:
	bus request operation ('empty_18', ../../../src/mem_read.cpp:23) on port 'gmem' (../../../src/mem_read.cpp:23) [38]  (9.727 ns)

 <State 49>: 9.727ns
The critical path consists of the following:
	bus request operation ('empty_18', ../../../src/mem_read.cpp:23) on port 'gmem' (../../../src/mem_read.cpp:23) [38]  (9.727 ns)

 <State 50>: 9.727ns
The critical path consists of the following:
	bus request operation ('empty_18', ../../../src/mem_read.cpp:23) on port 'gmem' (../../../src/mem_read.cpp:23) [38]  (9.727 ns)

 <State 51>: 9.727ns
The critical path consists of the following:
	bus request operation ('empty_18', ../../../src/mem_read.cpp:23) on port 'gmem' (../../../src/mem_read.cpp:23) [38]  (9.727 ns)

 <State 52>: 9.727ns
The critical path consists of the following:
	bus request operation ('empty_18', ../../../src/mem_read.cpp:23) on port 'gmem' (../../../src/mem_read.cpp:23) [38]  (9.727 ns)

 <State 53>: 9.727ns
The critical path consists of the following:
	bus request operation ('empty_18', ../../../src/mem_read.cpp:23) on port 'gmem' (../../../src/mem_read.cpp:23) [38]  (9.727 ns)

 <State 54>: 9.727ns
The critical path consists of the following:
	bus request operation ('empty_18', ../../../src/mem_read.cpp:23) on port 'gmem' (../../../src/mem_read.cpp:23) [38]  (9.727 ns)

 <State 55>: 9.727ns
The critical path consists of the following:
	bus request operation ('empty_18', ../../../src/mem_read.cpp:23) on port 'gmem' (../../../src/mem_read.cpp:23) [38]  (9.727 ns)

 <State 56>: 9.727ns
The critical path consists of the following:
	bus request operation ('empty_18', ../../../src/mem_read.cpp:23) on port 'gmem' (../../../src/mem_read.cpp:23) [38]  (9.727 ns)

 <State 57>: 9.727ns
The critical path consists of the following:
	bus request operation ('empty_18', ../../../src/mem_read.cpp:23) on port 'gmem' (../../../src/mem_read.cpp:23) [38]  (9.727 ns)

 <State 58>: 9.727ns
The critical path consists of the following:
	bus request operation ('empty_18', ../../../src/mem_read.cpp:23) on port 'gmem' (../../../src/mem_read.cpp:23) [38]  (9.727 ns)

 <State 59>: 9.727ns
The critical path consists of the following:
	bus request operation ('empty_18', ../../../src/mem_read.cpp:23) on port 'gmem' (../../../src/mem_read.cpp:23) [38]  (9.727 ns)

 <State 60>: 9.727ns
The critical path consists of the following:
	bus request operation ('empty_18', ../../../src/mem_read.cpp:23) on port 'gmem' (../../../src/mem_read.cpp:23) [38]  (9.727 ns)

 <State 61>: 9.727ns
The critical path consists of the following:
	bus request operation ('empty_18', ../../../src/mem_read.cpp:23) on port 'gmem' (../../../src/mem_read.cpp:23) [38]  (9.727 ns)

 <State 62>: 9.727ns
The critical path consists of the following:
	bus request operation ('empty_18', ../../../src/mem_read.cpp:23) on port 'gmem' (../../../src/mem_read.cpp:23) [38]  (9.727 ns)

 <State 63>: 9.727ns
The critical path consists of the following:
	bus request operation ('empty_18', ../../../src/mem_read.cpp:23) on port 'gmem' (../../../src/mem_read.cpp:23) [38]  (9.727 ns)

 <State 64>: 9.727ns
The critical path consists of the following:
	bus request operation ('empty_18', ../../../src/mem_read.cpp:23) on port 'gmem' (../../../src/mem_read.cpp:23) [38]  (9.727 ns)

 <State 65>: 9.727ns
The critical path consists of the following:
	bus request operation ('empty_18', ../../../src/mem_read.cpp:23) on port 'gmem' (../../../src/mem_read.cpp:23) [38]  (9.727 ns)

 <State 66>: 9.727ns
The critical path consists of the following:
	bus request operation ('empty_18', ../../../src/mem_read.cpp:23) on port 'gmem' (../../../src/mem_read.cpp:23) [38]  (9.727 ns)

 <State 67>: 9.727ns
The critical path consists of the following:
	bus request operation ('empty_18', ../../../src/mem_read.cpp:23) on port 'gmem' (../../../src/mem_read.cpp:23) [38]  (9.727 ns)

 <State 68>: 9.727ns
The critical path consists of the following:
	bus request operation ('empty_18', ../../../src/mem_read.cpp:23) on port 'gmem' (../../../src/mem_read.cpp:23) [38]  (9.727 ns)

 <State 69>: 9.727ns
The critical path consists of the following:
	bus request operation ('empty_18', ../../../src/mem_read.cpp:23) on port 'gmem' (../../../src/mem_read.cpp:23) [38]  (9.727 ns)

 <State 70>: 9.727ns
The critical path consists of the following:
	bus request operation ('empty_18', ../../../src/mem_read.cpp:23) on port 'gmem' (../../../src/mem_read.cpp:23) [38]  (9.727 ns)

 <State 71>: 9.727ns
The critical path consists of the following:
	bus request operation ('empty_18', ../../../src/mem_read.cpp:23) on port 'gmem' (../../../src/mem_read.cpp:23) [38]  (9.727 ns)

 <State 72>: 9.727ns
The critical path consists of the following:
	bus request operation ('empty_18', ../../../src/mem_read.cpp:23) on port 'gmem' (../../../src/mem_read.cpp:23) [38]  (9.727 ns)

 <State 73>: 9.727ns
The critical path consists of the following:
	bus read operation ('a', ../../../src/mem_read.cpp:24) on port 'gmem' (../../../src/mem_read.cpp:24) [44]  (9.727 ns)

 <State 74>: 0.516ns
The critical path consists of the following:
	axis write operation ('write_ln27', ../../../src/mem_read.cpp:27) on port 'stream' (../../../src/mem_read.cpp:27) [47]  (0.516 ns)

 <State 75>: 0.516ns
The critical path consists of the following:
	axis write operation ('write_ln27', ../../../src/mem_read.cpp:27) on port 'stream' (../../../src/mem_read.cpp:27) [47]  (0.516 ns)


============================================================
+ Verbose Summary: Binding
============================================================
N/A
* FSMD analyzer results:
  - Output states:
 - Input state : 
  - Chain level:
	State 1
	State 2
	State 3
	State 4
	State 5
	State 6
	State 7
	State 8
	State 9
	State 10
	State 11
	State 12
	State 13
	State 14
	State 15
	State 16
	State 17
	State 18
	State 19
	State 20
	State 21
	State 22
	State 23
	State 24
	State 25
	State 26
	State 27
	State 28
	State 29
	State 30
	State 31
	State 32
	State 33
	State 34
	State 35
	State 36
	State 37
	State 38
	State 39
	State 40
	State 41
	State 42
	State 43
	State 44
	State 45
	State 46
	State 47
	State 48
	State 49
	State 50
	State 51
	State 52
	State 53
	State 54
	State 55
	State 56
	State 57
	State 58
	State 59
	State 60
	State 61
	State 62
	State 63
	State 64
	State 65
	State 66
	State 67
	State 68
	State 69
	State 70
	State 71
	State 72
	State 73
	State 74
	State 75


============================================================
+ Verbose Summary: Datapath Resource usage 
============================================================
N/A
