Thu Jan 30 20:05:01 2025: Running xcd server. This server was built by gradle.
Thu Jan 30 20:05:01 2025: Server was asked to start on port: '33409'
Thu Jan 30 20:05:01 2025: Server is using token UUID: 'ddb2ce28-4162-4966-8339-1d300f30a35e'
Thu Jan 30 20:05:01 2025: SESSION_MGR: creating session with session uuid: '6d04a3e9-ade5-4ab9-8d63-1f78fcd2ec76' and name 'default'
Thu Jan 30 20:05:01 2025: Attempting to start server on port '33409'
Thu Jan 30 20:05:01 2025: XCD main fifo: created main fifo '/tmp/xcdmainddb2ce28-4162-4966-8339-1d300f30a35e', fd read = 13
Thu Jan 30 20:05:01 2025: Running Dispatch Server
Thu Jan 30 20:05:01 2025: Version 2.2.0
Thu Jan 30 20:05:03 2025: Dispatch Server: Accepted socket connection from client
Thu Jan 30 20:05:03 2025: Starting Socket connection
Thu Jan 30 20:05:03 2025: EXCHANGE_TOKEN received, server token: ddb2ce28-4162-4966-8339-1d300f30a35e, passed token: ddb2ce28-4162-4966-8339-1d300f30a35e
Thu Jan 30 20:05:03 2025: DISPATCH_HANDLER: Adding handler from function makeHandler in library libxv_system_diagram
Thu Jan 30 20:05:03 2025: SESSION_MGR: creating session with session uuid: '6c9042b7-4a06-4448-9741-dfe6f11cd69e' and name 'v++_compile_mem_read'
Thu Jan 30 20:05:03 2025: KERNEL_SVC: creating session with uuid: '6c9042b7-4a06-4448-9741-dfe6f11cd69e' and name 'v++_compile_mem_read'
Thu Jan 30 20:05:03 2025: GUIDANCE_SMGR: creating guidance session with uuid: '6c9042b7-4a06-4448-9741-dfe6f11cd69e' and name 'v++_compile_mem_read'
Thu Jan 30 20:05:03 2025: SYSTEM_DIAGRAM: creating session with uuid: '6c9042b7-4a06-4448-9741-dfe6f11cd69e' and name 'v++_compile_mem_read'
Thu Jan 30 20:05:19 2025: Dispatch Server: Accepted socket connection from client
Thu Jan 30 20:05:19 2025: Starting Socket connection
Thu Jan 30 20:05:30 2025: SESSION_MGR: closing session for UUID '6c9042b7-4a06-4448-9741-dfe6f11cd69e' with name 'v++_compile_mem_read'
Thu Jan 30 20:05:30 2025: KERNEL_SVC: closing session for UUID '6c9042b7-4a06-4448-9741-dfe6f11cd69e' with name 'v++_compile_mem_read'
Thu Jan 30 20:05:30 2025: GUIDANCE_SMGR: closing session for UUID '6c9042b7-4a06-4448-9741-dfe6f11cd69e' with name 'v++_compile_mem_read'
Thu Jan 30 20:05:30 2025: SYSTEM_DIAGRAM: closing session for UUID '6c9042b7-4a06-4448-9741-dfe6f11cd69e' with name 'v++_compile_mem_read'
Thu Jan 30 20:05:30 2025: STOP_SERVER received, server token: ddb2ce28-4162-4966-8339-1d300f30a35e, passed token: ddb2ce28-4162-4966-8339-1d300f30a35e
Thu Jan 30 20:05:30 2025: Socket received request to stop server.
Thu Jan 30 20:05:30 2025: Dispatch Server: do_await_stop
Thu Jan 30 20:05:30 2025: Dispatch Server: stopping mainFifo_
Thu Jan 30 20:05:30 2025: XCD main fifo: Stopping
Thu Jan 30 20:05:30 2025: XCD main fifo: do_read error code: Operation canceled
Thu Jan 30 20:05:30 2025: XCD main fifo: bytes_transferred: 0
Thu Jan 30 20:05:30 2025: SERVER: destructor for server bound to port 33409
Thu Jan 30 20:05:30 2025: XCD main fifo: Good unlink of /tmp/xcdmainddb2ce28-4162-4966-8339-1d300f30a35e
Thu Jan 30 20:05:30 2025: Server exiting with status 0.
Thu Jan 30 20:05:30 2025: Closing log file.
Thu Jan 30 20:05:32 2025: Running xcd server. This server was built by gradle.
Thu Jan 30 20:05:32 2025: Server was asked to start on port: '33837'
Thu Jan 30 20:05:32 2025: Server is using token UUID: 'ad9b5bd7-09fd-431a-8ef8-b1c695620416'
Thu Jan 30 20:05:32 2025: SESSION_MGR: creating session with session uuid: '6d04a3e9-ade5-4ab9-8d63-1f78fcd2ec76' and name 'default'
Thu Jan 30 20:05:32 2025: Attempting to start server on port '33837'
Thu Jan 30 20:05:32 2025: XCD main fifo: created main fifo '/tmp/xcdmainad9b5bd7-09fd-431a-8ef8-b1c695620416', fd read = 13
Thu Jan 30 20:05:32 2025: Running Dispatch Server
Thu Jan 30 20:05:32 2025: Version 2.2.0
Thu Jan 30 20:05:33 2025: Dispatch Server: Accepted socket connection from client
Thu Jan 30 20:05:33 2025: Starting Socket connection
Thu Jan 30 20:05:33 2025: EXCHANGE_TOKEN received, server token: ad9b5bd7-09fd-431a-8ef8-b1c695620416, passed token: ad9b5bd7-09fd-431a-8ef8-b1c695620416
Thu Jan 30 20:05:34 2025: DISPATCH_HANDLER: Adding handler from function makeHandler in library libxv_system_diagram
Thu Jan 30 20:05:34 2025: SESSION_MGR: creating session with session uuid: '53b090f2-cb2d-490d-811b-97e38907dcb1' and name 'v++_compile_unary'
Thu Jan 30 20:05:34 2025: KERNEL_SVC: creating session with uuid: '53b090f2-cb2d-490d-811b-97e38907dcb1' and name 'v++_compile_unary'
Thu Jan 30 20:05:34 2025: GUIDANCE_SMGR: creating guidance session with uuid: '53b090f2-cb2d-490d-811b-97e38907dcb1' and name 'v++_compile_unary'
Thu Jan 30 20:05:34 2025: SYSTEM_DIAGRAM: creating session with uuid: '53b090f2-cb2d-490d-811b-97e38907dcb1' and name 'v++_compile_unary'
Thu Jan 30 20:05:49 2025: Dispatch Server: Accepted socket connection from client
Thu Jan 30 20:05:49 2025: Starting Socket connection
Thu Jan 30 20:05:59 2025: SESSION_MGR: closing session for UUID '53b090f2-cb2d-490d-811b-97e38907dcb1' with name 'v++_compile_unary'
Thu Jan 30 20:05:59 2025: KERNEL_SVC: closing session for UUID '53b090f2-cb2d-490d-811b-97e38907dcb1' with name 'v++_compile_unary'
Thu Jan 30 20:05:59 2025: GUIDANCE_SMGR: closing session for UUID '53b090f2-cb2d-490d-811b-97e38907dcb1' with name 'v++_compile_unary'
Thu Jan 30 20:05:59 2025: SYSTEM_DIAGRAM: closing session for UUID '53b090f2-cb2d-490d-811b-97e38907dcb1' with name 'v++_compile_unary'
Thu Jan 30 20:05:59 2025: STOP_SERVER received, server token: ad9b5bd7-09fd-431a-8ef8-b1c695620416, passed token: ad9b5bd7-09fd-431a-8ef8-b1c695620416
Thu Jan 30 20:05:59 2025: Socket received request to stop server.
Thu Jan 30 20:05:59 2025: Dispatch Server: do_await_stop
Thu Jan 30 20:05:59 2025: Dispatch Server: stopping mainFifo_
Thu Jan 30 20:05:59 2025: XCD main fifo: Stopping
Thu Jan 30 20:05:59 2025: XCD main fifo: do_read error code: Operation canceled
Thu Jan 30 20:05:59 2025: XCD main fifo: bytes_transferred: 0
Thu Jan 30 20:05:59 2025: SERVER: destructor for server bound to port 33837
Thu Jan 30 20:05:59 2025: XCD main fifo: Good unlink of /tmp/xcdmainad9b5bd7-09fd-431a-8ef8-b1c695620416
Thu Jan 30 20:05:59 2025: Server exiting with status 0.
Thu Jan 30 20:05:59 2025: Closing log file.
Thu Jan 30 20:06:01 2025: Running xcd server. This server was built by gradle.
Thu Jan 30 20:06:01 2025: Server was asked to start on port: '40235'
Thu Jan 30 20:06:01 2025: Server is using token UUID: 'bcf0b651-e038-49a0-ae2f-6e3098962a78'
Thu Jan 30 20:06:01 2025: SESSION_MGR: creating session with session uuid: '6d04a3e9-ade5-4ab9-8d63-1f78fcd2ec76' and name 'default'
Thu Jan 30 20:06:01 2025: Attempting to start server on port '40235'
Thu Jan 30 20:06:01 2025: XCD main fifo: created main fifo '/tmp/xcdmainbcf0b651-e038-49a0-ae2f-6e3098962a78', fd read = 13
Thu Jan 30 20:06:01 2025: Running Dispatch Server
Thu Jan 30 20:06:01 2025: Version 2.2.0
Thu Jan 30 20:06:03 2025: Dispatch Server: Accepted socket connection from client
Thu Jan 30 20:06:03 2025: Starting Socket connection
Thu Jan 30 20:06:03 2025: EXCHANGE_TOKEN received, server token: bcf0b651-e038-49a0-ae2f-6e3098962a78, passed token: bcf0b651-e038-49a0-ae2f-6e3098962a78
Thu Jan 30 20:06:03 2025: DISPATCH_HANDLER: Adding handler from function makeHandler in library libxv_system_diagram
Thu Jan 30 20:06:03 2025: SESSION_MGR: creating session with session uuid: 'c0f42a5f-f27f-4445-af8a-ef2e1fe34346' and name 'v++_compile_mem_write'
Thu Jan 30 20:06:03 2025: KERNEL_SVC: creating session with uuid: 'c0f42a5f-f27f-4445-af8a-ef2e1fe34346' and name 'v++_compile_mem_write'
Thu Jan 30 20:06:03 2025: GUIDANCE_SMGR: creating guidance session with uuid: 'c0f42a5f-f27f-4445-af8a-ef2e1fe34346' and name 'v++_compile_mem_write'
Thu Jan 30 20:06:03 2025: SYSTEM_DIAGRAM: creating session with uuid: 'c0f42a5f-f27f-4445-af8a-ef2e1fe34346' and name 'v++_compile_mem_write'
Thu Jan 30 20:06:13 2025: SESSION_MGR: closing session for UUID 'c0f42a5f-f27f-4445-af8a-ef2e1fe34346' with name 'v++_compile_mem_write'
Thu Jan 30 20:06:13 2025: KERNEL_SVC: closing session for UUID 'c0f42a5f-f27f-4445-af8a-ef2e1fe34346' with name 'v++_compile_mem_write'
Thu Jan 30 20:06:13 2025: GUIDANCE_SMGR: closing session for UUID 'c0f42a5f-f27f-4445-af8a-ef2e1fe34346' with name 'v++_compile_mem_write'
Thu Jan 30 20:06:13 2025: SYSTEM_DIAGRAM: closing session for UUID 'c0f42a5f-f27f-4445-af8a-ef2e1fe34346' with name 'v++_compile_mem_write'
Thu Jan 30 20:06:13 2025: STOP_SERVER received, server token: bcf0b651-e038-49a0-ae2f-6e3098962a78, passed token: bcf0b651-e038-49a0-ae2f-6e3098962a78
Thu Jan 30 20:06:13 2025: Socket received request to stop server.
Thu Jan 30 20:06:13 2025: Dispatch Server: do_await_stop
Thu Jan 30 20:06:13 2025: Dispatch Server: stopping mainFifo_
Thu Jan 30 20:06:13 2025: XCD main fifo: Stopping
Thu Jan 30 20:06:13 2025: XCD main fifo: do_read error code: Operation canceled
Thu Jan 30 20:06:13 2025: XCD main fifo: bytes_transferred: 0
Thu Jan 30 20:06:13 2025: SERVER: destructor for server bound to port 40235
Thu Jan 30 20:06:13 2025: XCD main fifo: Good unlink of /tmp/xcdmainbcf0b651-e038-49a0-ae2f-6e3098962a78
Thu Jan 30 20:06:13 2025: Server exiting with status 0.
Thu Jan 30 20:06:13 2025: Closing log file.
Thu Jan 30 20:08:01 2025: Running xcd server. This server was built by gradle.
Thu Jan 30 20:08:01 2025: Server was asked to start on port: '35121'
Thu Jan 30 20:08:01 2025: Server is using token UUID: 'f1afcbc2-5e6d-43b2-8ebf-bcb0b4394ccf'
Thu Jan 30 20:08:01 2025: SESSION_MGR: creating session with session uuid: '6d04a3e9-ade5-4ab9-8d63-1f78fcd2ec76' and name 'default'
Thu Jan 30 20:08:01 2025: Attempting to start server on port '35121'
Thu Jan 30 20:08:01 2025: XCD main fifo: created main fifo '/tmp/xcdmainf1afcbc2-5e6d-43b2-8ebf-bcb0b4394ccf', fd read = 13
Thu Jan 30 20:08:01 2025: Running Dispatch Server
Thu Jan 30 20:08:01 2025: Version 2.2.0
Thu Jan 30 20:08:03 2025: Dispatch Server: Accepted socket connection from client
Thu Jan 30 20:08:03 2025: Starting Socket connection
Thu Jan 30 20:08:03 2025: EXCHANGE_TOKEN received, server token: f1afcbc2-5e6d-43b2-8ebf-bcb0b4394ccf, passed token: f1afcbc2-5e6d-43b2-8ebf-bcb0b4394ccf
Thu Jan 30 20:08:03 2025: DISPATCH_HANDLER: Adding handler from function makeHandler in library libxv_system_diagram
Thu Jan 30 20:08:03 2025: SESSION_MGR: creating session with session uuid: '43cb77bf-be56-42dc-b1f6-f0b37abe7667' and name 'v++_compile_mem_read'
Thu Jan 30 20:08:03 2025: KERNEL_SVC: creating session with uuid: '43cb77bf-be56-42dc-b1f6-f0b37abe7667' and name 'v++_compile_mem_read'
Thu Jan 30 20:08:03 2025: GUIDANCE_SMGR: creating guidance session with uuid: '43cb77bf-be56-42dc-b1f6-f0b37abe7667' and name 'v++_compile_mem_read'
Thu Jan 30 20:08:03 2025: SYSTEM_DIAGRAM: creating session with uuid: '43cb77bf-be56-42dc-b1f6-f0b37abe7667' and name 'v++_compile_mem_read'
Thu Jan 30 20:08:14 2025: SESSION_MGR: closing session for UUID '43cb77bf-be56-42dc-b1f6-f0b37abe7667' with name 'v++_compile_mem_read'
Thu Jan 30 20:08:14 2025: KERNEL_SVC: closing session for UUID '43cb77bf-be56-42dc-b1f6-f0b37abe7667' with name 'v++_compile_mem_read'
Thu Jan 30 20:08:14 2025: GUIDANCE_SMGR: closing session for UUID '43cb77bf-be56-42dc-b1f6-f0b37abe7667' with name 'v++_compile_mem_read'
Thu Jan 30 20:08:14 2025: SYSTEM_DIAGRAM: closing session for UUID '43cb77bf-be56-42dc-b1f6-f0b37abe7667' with name 'v++_compile_mem_read'
Thu Jan 30 20:08:14 2025: STOP_SERVER received, server token: f1afcbc2-5e6d-43b2-8ebf-bcb0b4394ccf, passed token: f1afcbc2-5e6d-43b2-8ebf-bcb0b4394ccf
Thu Jan 30 20:08:14 2025: Socket received request to stop server.
Thu Jan 30 20:08:14 2025: Dispatch Server: do_await_stop
Thu Jan 30 20:08:14 2025: Dispatch Server: stopping mainFifo_
Thu Jan 30 20:08:14 2025: XCD main fifo: Stopping
Thu Jan 30 20:08:14 2025: XCD main fifo: do_read error code: Operation canceled
Thu Jan 30 20:08:14 2025: XCD main fifo: bytes_transferred: 0
Thu Jan 30 20:08:14 2025: SERVER: destructor for server bound to port 35121
Thu Jan 30 20:08:14 2025: XCD main fifo: Good unlink of /tmp/xcdmainf1afcbc2-5e6d-43b2-8ebf-bcb0b4394ccf
Thu Jan 30 20:08:14 2025: Server exiting with status 0.
Thu Jan 30 20:08:14 2025: Closing log file.
Thu Jan 30 20:09:04 2025: Running xcd server. This server was built by gradle.
Thu Jan 30 20:09:04 2025: Server was asked to start on port: '38975'
Thu Jan 30 20:09:04 2025: Server is using token UUID: 'e0154d56-bc6f-46f9-a160-bc3f679a6b7d'
Thu Jan 30 20:09:04 2025: SESSION_MGR: creating session with session uuid: '6d04a3e9-ade5-4ab9-8d63-1f78fcd2ec76' and name 'default'
Thu Jan 30 20:09:04 2025: Attempting to start server on port '38975'
Thu Jan 30 20:09:04 2025: XCD main fifo: created main fifo '/tmp/xcdmaine0154d56-bc6f-46f9-a160-bc3f679a6b7d', fd read = 13
Thu Jan 30 20:09:04 2025: Running Dispatch Server
Thu Jan 30 20:09:04 2025: Version 2.2.0
Thu Jan 30 20:09:05 2025: Dispatch Server: Accepted socket connection from client
Thu Jan 30 20:09:05 2025: Starting Socket connection
Thu Jan 30 20:09:05 2025: EXCHANGE_TOKEN received, server token: e0154d56-bc6f-46f9-a160-bc3f679a6b7d, passed token: e0154d56-bc6f-46f9-a160-bc3f679a6b7d
Thu Jan 30 20:09:05 2025: DISPATCH_HANDLER: Adding handler from function makeHandler in library libxv_system_diagram
Thu Jan 30 20:09:05 2025: SESSION_MGR: creating session with session uuid: '778367a7-2a1d-404c-81d1-3a5f3bf48d50' and name 'v++_compile_mem_read'
Thu Jan 30 20:09:05 2025: KERNEL_SVC: creating session with uuid: '778367a7-2a1d-404c-81d1-3a5f3bf48d50' and name 'v++_compile_mem_read'
Thu Jan 30 20:09:05 2025: GUIDANCE_SMGR: creating guidance session with uuid: '778367a7-2a1d-404c-81d1-3a5f3bf48d50' and name 'v++_compile_mem_read'
Thu Jan 30 20:09:05 2025: SYSTEM_DIAGRAM: creating session with uuid: '778367a7-2a1d-404c-81d1-3a5f3bf48d50' and name 'v++_compile_mem_read'
Thu Jan 30 20:09:21 2025: Dispatch Server: Accepted socket connection from client
Thu Jan 30 20:09:21 2025: Starting Socket connection
Thu Jan 30 20:09:32 2025: SESSION_MGR: closing session for UUID '778367a7-2a1d-404c-81d1-3a5f3bf48d50' with name 'v++_compile_mem_read'
Thu Jan 30 20:09:32 2025: KERNEL_SVC: closing session for UUID '778367a7-2a1d-404c-81d1-3a5f3bf48d50' with name 'v++_compile_mem_read'
Thu Jan 30 20:09:32 2025: GUIDANCE_SMGR: closing session for UUID '778367a7-2a1d-404c-81d1-3a5f3bf48d50' with name 'v++_compile_mem_read'
Thu Jan 30 20:09:32 2025: SYSTEM_DIAGRAM: closing session for UUID '778367a7-2a1d-404c-81d1-3a5f3bf48d50' with name 'v++_compile_mem_read'
Thu Jan 30 20:09:32 2025: STOP_SERVER received, server token: e0154d56-bc6f-46f9-a160-bc3f679a6b7d, passed token: e0154d56-bc6f-46f9-a160-bc3f679a6b7d
Thu Jan 30 20:09:32 2025: Socket received request to stop server.
Thu Jan 30 20:09:32 2025: Dispatch Server: do_await_stop
Thu Jan 30 20:09:32 2025: Dispatch Server: stopping mainFifo_
Thu Jan 30 20:09:32 2025: XCD main fifo: Stopping
Thu Jan 30 20:09:32 2025: XCD main fifo: do_read error code: Operation canceled
Thu Jan 30 20:09:32 2025: XCD main fifo: bytes_transferred: 0
Thu Jan 30 20:09:32 2025: SERVER: destructor for server bound to port 38975
Thu Jan 30 20:09:32 2025: XCD main fifo: Good unlink of /tmp/xcdmaine0154d56-bc6f-46f9-a160-bc3f679a6b7d
Thu Jan 30 20:09:32 2025: Server exiting with status 0.
Thu Jan 30 20:09:32 2025: Closing log file.
Thu Jan 30 20:09:34 2025: Running xcd server. This server was built by gradle.
Thu Jan 30 20:09:34 2025: Server was asked to start on port: '37395'
Thu Jan 30 20:09:34 2025: Server is using token UUID: 'dbf5e1dd-71ce-41db-be85-0f157a84448f'
Thu Jan 30 20:09:34 2025: SESSION_MGR: creating session with session uuid: '6d04a3e9-ade5-4ab9-8d63-1f78fcd2ec76' and name 'default'
Thu Jan 30 20:09:34 2025: Attempting to start server on port '37395'
Thu Jan 30 20:09:34 2025: XCD main fifo: created main fifo '/tmp/xcdmaindbf5e1dd-71ce-41db-be85-0f157a84448f', fd read = 13
Thu Jan 30 20:09:34 2025: Running Dispatch Server
Thu Jan 30 20:09:34 2025: Version 2.2.0
Thu Jan 30 20:09:36 2025: Dispatch Server: Accepted socket connection from client
Thu Jan 30 20:09:36 2025: Starting Socket connection
Thu Jan 30 20:09:36 2025: EXCHANGE_TOKEN received, server token: dbf5e1dd-71ce-41db-be85-0f157a84448f, passed token: dbf5e1dd-71ce-41db-be85-0f157a84448f
Thu Jan 30 20:09:36 2025: DISPATCH_HANDLER: Adding handler from function makeHandler in library libxv_system_diagram
Thu Jan 30 20:09:36 2025: SESSION_MGR: creating session with session uuid: 'da934a5f-6c84-475f-9931-2575ba377f6b' and name 'v++_compile_mem_write'
Thu Jan 30 20:09:36 2025: KERNEL_SVC: creating session with uuid: 'da934a5f-6c84-475f-9931-2575ba377f6b' and name 'v++_compile_mem_write'
Thu Jan 30 20:09:36 2025: GUIDANCE_SMGR: creating guidance session with uuid: 'da934a5f-6c84-475f-9931-2575ba377f6b' and name 'v++_compile_mem_write'
Thu Jan 30 20:09:36 2025: SYSTEM_DIAGRAM: creating session with uuid: 'da934a5f-6c84-475f-9931-2575ba377f6b' and name 'v++_compile_mem_write'
Thu Jan 30 20:09:52 2025: Dispatch Server: Accepted socket connection from client
Thu Jan 30 20:09:52 2025: Starting Socket connection
Thu Jan 30 20:10:03 2025: SESSION_MGR: closing session for UUID 'da934a5f-6c84-475f-9931-2575ba377f6b' with name 'v++_compile_mem_write'
Thu Jan 30 20:10:03 2025: KERNEL_SVC: closing session for UUID 'da934a5f-6c84-475f-9931-2575ba377f6b' with name 'v++_compile_mem_write'
Thu Jan 30 20:10:03 2025: GUIDANCE_SMGR: closing session for UUID 'da934a5f-6c84-475f-9931-2575ba377f6b' with name 'v++_compile_mem_write'
Thu Jan 30 20:10:03 2025: SYSTEM_DIAGRAM: closing session for UUID 'da934a5f-6c84-475f-9931-2575ba377f6b' with name 'v++_compile_mem_write'
Thu Jan 30 20:10:03 2025: STOP_SERVER received, server token: dbf5e1dd-71ce-41db-be85-0f157a84448f, passed token: dbf5e1dd-71ce-41db-be85-0f157a84448f
Thu Jan 30 20:10:03 2025: Socket received request to stop server.
Thu Jan 30 20:10:03 2025: Dispatch Server: do_await_stop
Thu Jan 30 20:10:03 2025: Dispatch Server: stopping mainFifo_
Thu Jan 30 20:10:03 2025: XCD main fifo: Stopping
Thu Jan 30 20:10:03 2025: XCD main fifo: do_read error code: Operation canceled
Thu Jan 30 20:10:03 2025: XCD main fifo: bytes_transferred: 0
Thu Jan 30 20:10:03 2025: SERVER: destructor for server bound to port 37395
Thu Jan 30 20:10:03 2025: XCD main fifo: Good unlink of /tmp/xcdmaindbf5e1dd-71ce-41db-be85-0f157a84448f
Thu Jan 30 20:10:03 2025: Server exiting with status 0.
Thu Jan 30 20:10:03 2025: Closing log file.
Thu Jan 30 20:10:05 2025: Running xcd server. This server was built by gradle.
Thu Jan 30 20:10:05 2025: Server was asked to start on port: '38203'
Thu Jan 30 20:10:05 2025: Server is using token UUID: '71553e92-4ad1-414a-a56f-1988b6e83ae0'
Thu Jan 30 20:10:05 2025: SESSION_MGR: creating session with session uuid: '6d04a3e9-ade5-4ab9-8d63-1f78fcd2ec76' and name 'default'
Thu Jan 30 20:10:05 2025: Attempting to start server on port '38203'
Thu Jan 30 20:10:05 2025: XCD main fifo: created main fifo '/tmp/xcdmain71553e92-4ad1-414a-a56f-1988b6e83ae0', fd read = 13
Thu Jan 30 20:10:05 2025: Running Dispatch Server
Thu Jan 30 20:10:05 2025: Version 2.2.0
Thu Jan 30 20:10:07 2025: Dispatch Server: Accepted socket connection from client
Thu Jan 30 20:10:07 2025: Starting Socket connection
Thu Jan 30 20:10:07 2025: EXCHANGE_TOKEN received, server token: 71553e92-4ad1-414a-a56f-1988b6e83ae0, passed token: 71553e92-4ad1-414a-a56f-1988b6e83ae0
Thu Jan 30 20:10:07 2025: DISPATCH_HANDLER: Adding handler from function makeHandler in library libxv_system_diagram
Thu Jan 30 20:10:07 2025: SESSION_MGR: creating session with session uuid: '95a6f290-d7f9-47c6-ad04-c00f26fbfc28' and name 'v++_link_krnl_unary.link'
Thu Jan 30 20:10:07 2025: KERNEL_SVC: creating session with uuid: '95a6f290-d7f9-47c6-ad04-c00f26fbfc28' and name 'v++_link_krnl_unary.link'
Thu Jan 30 20:10:07 2025: GUIDANCE_SMGR: creating guidance session with uuid: '95a6f290-d7f9-47c6-ad04-c00f26fbfc28' and name 'v++_link_krnl_unary.link'
Thu Jan 30 20:10:07 2025: SYSTEM_DIAGRAM: creating session with uuid: '95a6f290-d7f9-47c6-ad04-c00f26fbfc28' and name 'v++_link_krnl_unary.link'
Thu Jan 30 20:10:17 2025: SESSION_MGR: closing session for UUID '95a6f290-d7f9-47c6-ad04-c00f26fbfc28' with name 'v++_link_krnl_unary.link'
Thu Jan 30 20:10:17 2025: KERNEL_SVC: closing session for UUID '95a6f290-d7f9-47c6-ad04-c00f26fbfc28' with name 'v++_link_krnl_unary.link'
Thu Jan 30 20:10:17 2025: GUIDANCE_SMGR: closing session for UUID '95a6f290-d7f9-47c6-ad04-c00f26fbfc28' with name 'v++_link_krnl_unary.link'
Thu Jan 30 20:10:17 2025: SYSTEM_DIAGRAM: closing session for UUID '95a6f290-d7f9-47c6-ad04-c00f26fbfc28' with name 'v++_link_krnl_unary.link'
Thu Jan 30 20:10:17 2025: STOP_SERVER received, server token: 71553e92-4ad1-414a-a56f-1988b6e83ae0, passed token: 71553e92-4ad1-414a-a56f-1988b6e83ae0
Thu Jan 30 20:10:17 2025: Socket received request to stop server.
Thu Jan 30 20:10:17 2025: Dispatch Server: do_await_stop
Thu Jan 30 20:10:17 2025: Dispatch Server: stopping mainFifo_
Thu Jan 30 20:10:17 2025: XCD main fifo: Stopping
Thu Jan 30 20:10:17 2025: XCD main fifo: do_read error code: Operation canceled
Thu Jan 30 20:10:17 2025: XCD main fifo: bytes_transferred: 0
Thu Jan 30 20:10:17 2025: SERVER: destructor for server bound to port 38203
Thu Jan 30 20:10:17 2025: XCD main fifo: Good unlink of /tmp/xcdmain71553e92-4ad1-414a-a56f-1988b6e83ae0
Thu Jan 30 20:10:17 2025: Server exiting with status 0.
Thu Jan 30 20:10:17 2025: Closing log file.
