

================================================================
== Vitis HLS Report for 'mem_write'
================================================================
* Date:           Thu Jan 30 20:09:52 2025

* Version:        2024.1 (Build 5069499 on May 21 2024)
* Project:        mem_write
* Solution:       solution (Vitis Kernel Flow Target)
* Product family: virtexuplusHBM
* Target device:  xcvu47p-fsvh2892-2LV-e


================================================================
== Performance Estimates
================================================================
+ Timing: 
    * Summary: 
    +--------+----------+----------+------------+
    |  Clock |  Target  | Estimated| Uncertainty|
    +--------+----------+----------+------------+
    |ap_clk  |  13.32 ns|  9.727 ns|     3.60 ns|
    +--------+----------+----------+------------+

+ Latency: 
    * Summary: 
    +---------+---------+----------+----------+-----+-----+-----------------------------------------------+
    |  Latency (cycles) |  Latency (absolute) |  Interval |                    Pipeline                   |
    |   min   |   max   |    min   |    max   | min | max |                      Type                     |
    +---------+---------+----------+----------+-----+-----+-----------------------------------------------+
    |        ?|        ?|         ?|         ?|    0|    0|  loop auto-rewind stp(delay=0 clock cycles(s))|
    +---------+---------+----------+----------+-----+-----+-----------------------------------------------+

    + Detail: 
        * Instance: 
        N/A

        * Loop: 
        +-------------------+---------+---------+----------+-----------+-----------+------+----------+
        |                   |  Latency (cycles) | Iteration|  Initiation Interval  | Trip |          |
        |     Loop Name     |   min   |   max   |  Latency |  achieved |   target  | Count| Pipelined|
        +-------------------+---------+---------+----------+-----------+-----------+------+----------+
        |- VITIS_LOOP_23_1  |        ?|        ?|        71|          1|          1|     ?|       yes|
        +-------------------+---------+---------+----------+-----------+-----------+------+----------+



================================================================
== Utilization Estimates
================================================================
* Summary: 
+---------------------+---------+------+---------+---------+-----+
|         Name        | BRAM_18K|  DSP |    FF   |   LUT   | URAM|
+---------------------+---------+------+---------+---------+-----+
|DSP                  |        -|     -|        -|        -|    -|
|Expression           |        -|     -|        0|      210|    -|
|FIFO                 |        -|     -|        -|        -|    -|
|Instance             |        1|     -|      739|      871|    0|
|Memory               |        -|     -|        -|        -|    -|
|Multiplexer          |        -|     -|        0|       72|    -|
|Register             |        -|     -|      356|       32|    -|
+---------------------+---------+------+---------+---------+-----+
|Total                |        1|     0|     1095|     1185|    0|
+---------------------+---------+------+---------+---------+-----+
|Available SLR        |     1344|  3008|   869120|   434560|  320|
+---------------------+---------+------+---------+---------+-----+
|Utilization SLR (%)  |       ~0|     0|       ~0|       ~0|    0|
+---------------------+---------+------+---------+---------+-----+
|Available            |     4032|  9024|  2607360|  1303680|  960|
+---------------------+---------+------+---------+---------+-----+
|Utilization (%)      |       ~0|     0|       ~0|       ~0|    0|
+---------------------+---------+------+---------+---------+-----+

+ Detail: 
    * Instance: 
    +-----------------+---------------+---------+----+-----+-----+-----+
    |     Instance    |     Module    | BRAM_18K| DSP|  FF | LUT | URAM|
    +-----------------+---------------+---------+----+-----+-----+-----+
    |control_s_axi_U  |control_s_axi  |        0|   0|  144|  232|    0|
    |gmem_m_axi_U     |gmem_m_axi     |        1|   0|  595|  639|    0|
    +-----------------+---------------+---------+----+-----+-----+-----+
    |Total            |               |        1|   0|  739|  871|    0|
    +-----------------+---------------+---------+----+-----+-----+-----+

    * DSP: 
    N/A

    * Memory: 
    N/A

    * FIFO: 
    N/A

    * Expression: 
    +------------------------------------+----------+----+---+----+------------+------------+
    |            Variable Name           | Operation| DSP| FF| LUT| Bitwidth P0| Bitwidth P1|
    +------------------------------------+----------+----+---+----+------------+------------+
    |add_ln23_fu_195_p2                  |         +|   0|  0|  38|          31|           1|
    |ap_block_state2_io                  |       and|   0|  0|   2|           1|           1|
    |ap_block_state71_pp0_stage0_iter70  |       and|   0|  0|   2|           1|           1|
    |ap_condition_1012                   |       and|   0|  0|   2|           1|           1|
    |ap_condition_732                    |       and|   0|  0|   2|           1|           1|
    |ap_ext_blocking_cur_n               |       and|   0|  0|   2|           1|           1|
    |ap_ext_blocking_n                   |       and|   0|  0|   2|           1|           2|
    |ap_int_blocking_n                   |       and|   0|  0|   2|           2|           2|
    |ap_str_blocking_cur_n               |       and|   0|  0|   2|           1|           0|
    |ap_str_blocking_n                   |       and|   0|  0|   2|           1|           2|
    |icmp_ln23_1_fu_189_p2               |      icmp|   0|  0|  39|          32|          32|
    |icmp_ln23_2_fu_205_p2               |      icmp|   0|  0|  39|          32|          32|
    |icmp_ln23_fu_135_p2                 |      icmp|   0|  0|  39|          32|           1|
    |ap_block_pp0_stage0_01001           |        or|   0|  0|   2|           1|           1|
    |ap_block_pp0_stage0_11001           |        or|   0|  0|   2|           1|           1|
    |empty_fu_165_p3                     |    select|   0|  0|  31|           1|          31|
    |ap_enable_pp0                       |       xor|   0|  0|   2|           1|           2|
    +------------------------------------+----------+----+---+----+------------+------------+
    |Total                               |          |   0|  0| 210|         141|         112|
    +------------------------------------+----------+----+---+----+------------+------------+

    * Multiplexer: 
    +-------------------------+----+-----------+-----+-----------+
    |           Name          | LUT| Input Size| Bits| Total Bits|
    +-------------------------+----+-----------+-----+-----------+
    |ap_done_int              |   9|          2|    1|          2|
    |ap_enable_reg_pp0_iter1  |   9|          2|    1|          2|
    |ap_sig_allocacmp_i_load  |   9|          2|   31|         62|
    |gmem_blk_n_AW            |   9|          2|    1|          2|
    |gmem_blk_n_B             |   9|          2|    1|          2|
    |gmem_blk_n_W             |   9|          2|    1|          2|
    |i_fu_86                  |   9|          2|   31|         62|
    |stream_TDATA_blk_n       |   9|          2|    1|          2|
    +-------------------------+----+-----------+-----+-----------+
    |Total                    |  72|         16|   68|        136|
    +-------------------------+----+-----------+-----+-----------+

    * Register: 
    +-----------------------------------+----+----+-----+-----------+
    |                Name               | FF | LUT| Bits| Const Bits|
    +-----------------------------------+----+----+-----+-----------+
    |a_reg_250                          |  17|   0|   17|          0|
    |ap_CS_fsm                          |   1|   0|    1|          0|
    |ap_done_reg                        |   1|   0|    1|          0|
    |ap_enable_reg_pp0_iter1            |   1|   0|    1|          0|
    |ap_enable_reg_pp0_iter10           |   1|   0|    1|          0|
    |ap_enable_reg_pp0_iter11           |   1|   0|    1|          0|
    |ap_enable_reg_pp0_iter12           |   1|   0|    1|          0|
    |ap_enable_reg_pp0_iter13           |   1|   0|    1|          0|
    |ap_enable_reg_pp0_iter14           |   1|   0|    1|          0|
    |ap_enable_reg_pp0_iter15           |   1|   0|    1|          0|
    |ap_enable_reg_pp0_iter16           |   1|   0|    1|          0|
    |ap_enable_reg_pp0_iter17           |   1|   0|    1|          0|
    |ap_enable_reg_pp0_iter18           |   1|   0|    1|          0|
    |ap_enable_reg_pp0_iter19           |   1|   0|    1|          0|
    |ap_enable_reg_pp0_iter2            |   1|   0|    1|          0|
    |ap_enable_reg_pp0_iter20           |   1|   0|    1|          0|
    |ap_enable_reg_pp0_iter21           |   1|   0|    1|          0|
    |ap_enable_reg_pp0_iter22           |   1|   0|    1|          0|
    |ap_enable_reg_pp0_iter23           |   1|   0|    1|          0|
    |ap_enable_reg_pp0_iter24           |   1|   0|    1|          0|
    |ap_enable_reg_pp0_iter25           |   1|   0|    1|          0|
    |ap_enable_reg_pp0_iter26           |   1|   0|    1|          0|
    |ap_enable_reg_pp0_iter27           |   1|   0|    1|          0|
    |ap_enable_reg_pp0_iter28           |   1|   0|    1|          0|
    |ap_enable_reg_pp0_iter29           |   1|   0|    1|          0|
    |ap_enable_reg_pp0_iter3            |   1|   0|    1|          0|
    |ap_enable_reg_pp0_iter30           |   1|   0|    1|          0|
    |ap_enable_reg_pp0_iter31           |   1|   0|    1|          0|
    |ap_enable_reg_pp0_iter32           |   1|   0|    1|          0|
    |ap_enable_reg_pp0_iter33           |   1|   0|    1|          0|
    |ap_enable_reg_pp0_iter34           |   1|   0|    1|          0|
    |ap_enable_reg_pp0_iter35           |   1|   0|    1|          0|
    |ap_enable_reg_pp0_iter36           |   1|   0|    1|          0|
    |ap_enable_reg_pp0_iter37           |   1|   0|    1|          0|
    |ap_enable_reg_pp0_iter38           |   1|   0|    1|          0|
    |ap_enable_reg_pp0_iter39           |   1|   0|    1|          0|
    |ap_enable_reg_pp0_iter4            |   1|   0|    1|          0|
    |ap_enable_reg_pp0_iter40           |   1|   0|    1|          0|
    |ap_enable_reg_pp0_iter41           |   1|   0|    1|          0|
    |ap_enable_reg_pp0_iter42           |   1|   0|    1|          0|
    |ap_enable_reg_pp0_iter43           |   1|   0|    1|          0|
    |ap_enable_reg_pp0_iter44           |   1|   0|    1|          0|
    |ap_enable_reg_pp0_iter45           |   1|   0|    1|          0|
    |ap_enable_reg_pp0_iter46           |   1|   0|    1|          0|
    |ap_enable_reg_pp0_iter47           |   1|   0|    1|          0|
    |ap_enable_reg_pp0_iter48           |   1|   0|    1|          0|
    |ap_enable_reg_pp0_iter49           |   1|   0|    1|          0|
    |ap_enable_reg_pp0_iter5            |   1|   0|    1|          0|
    |ap_enable_reg_pp0_iter50           |   1|   0|    1|          0|
    |ap_enable_reg_pp0_iter51           |   1|   0|    1|          0|
    |ap_enable_reg_pp0_iter52           |   1|   0|    1|          0|
    |ap_enable_reg_pp0_iter53           |   1|   0|    1|          0|
    |ap_enable_reg_pp0_iter54           |   1|   0|    1|          0|
    |ap_enable_reg_pp0_iter55           |   1|   0|    1|          0|
    |ap_enable_reg_pp0_iter56           |   1|   0|    1|          0|
    |ap_enable_reg_pp0_iter57           |   1|   0|    1|          0|
    |ap_enable_reg_pp0_iter58           |   1|   0|    1|          0|
    |ap_enable_reg_pp0_iter59           |   1|   0|    1|          0|
    |ap_enable_reg_pp0_iter6            |   1|   0|    1|          0|
    |ap_enable_reg_pp0_iter60           |   1|   0|    1|          0|
    |ap_enable_reg_pp0_iter61           |   1|   0|    1|          0|
    |ap_enable_reg_pp0_iter62           |   1|   0|    1|          0|
    |ap_enable_reg_pp0_iter63           |   1|   0|    1|          0|
    |ap_enable_reg_pp0_iter64           |   1|   0|    1|          0|
    |ap_enable_reg_pp0_iter65           |   1|   0|    1|          0|
    |ap_enable_reg_pp0_iter66           |   1|   0|    1|          0|
    |ap_enable_reg_pp0_iter67           |   1|   0|    1|          0|
    |ap_enable_reg_pp0_iter68           |   1|   0|    1|          0|
    |ap_enable_reg_pp0_iter69           |   1|   0|    1|          0|
    |ap_enable_reg_pp0_iter7            |   1|   0|    1|          0|
    |ap_enable_reg_pp0_iter70           |   1|   0|    1|          0|
    |ap_enable_reg_pp0_iter8            |   1|   0|    1|          0|
    |ap_enable_reg_pp0_iter9            |   1|   0|    1|          0|
    |ap_ext_blocking_n_reg              |   1|   0|    1|          0|
    |ap_int_blocking_n_reg              |   0|   0|    1|          1|
    |ap_loop_exit_ready_pp0_iter10_reg  |   1|   0|    1|          0|
    |ap_loop_exit_ready_pp0_iter11_reg  |   1|   0|    1|          0|
    |ap_loop_exit_ready_pp0_iter12_reg  |   1|   0|    1|          0|
    |ap_loop_exit_ready_pp0_iter13_reg  |   1|   0|    1|          0|
    |ap_loop_exit_ready_pp0_iter14_reg  |   1|   0|    1|          0|
    |ap_loop_exit_ready_pp0_iter15_reg  |   1|   0|    1|          0|
    |ap_loop_exit_ready_pp0_iter16_reg  |   1|   0|    1|          0|
    |ap_loop_exit_ready_pp0_iter17_reg  |   1|   0|    1|          0|
    |ap_loop_exit_ready_pp0_iter18_reg  |   1|   0|    1|          0|
    |ap_loop_exit_ready_pp0_iter19_reg  |   1|   0|    1|          0|
    |ap_loop_exit_ready_pp0_iter1_reg   |   1|   0|    1|          0|
    |ap_loop_exit_ready_pp0_iter20_reg  |   1|   0|    1|          0|
    |ap_loop_exit_ready_pp0_iter21_reg  |   1|   0|    1|          0|
    |ap_loop_exit_ready_pp0_iter22_reg  |   1|   0|    1|          0|
    |ap_loop_exit_ready_pp0_iter23_reg  |   1|   0|    1|          0|
    |ap_loop_exit_ready_pp0_iter24_reg  |   1|   0|    1|          0|
    |ap_loop_exit_ready_pp0_iter25_reg  |   1|   0|    1|          0|
    |ap_loop_exit_ready_pp0_iter26_reg  |   1|   0|    1|          0|
    |ap_loop_exit_ready_pp0_iter27_reg  |   1|   0|    1|          0|
    |ap_loop_exit_ready_pp0_iter28_reg  |   1|   0|    1|          0|
    |ap_loop_exit_ready_pp0_iter29_reg  |   1|   0|    1|          0|
    |ap_loop_exit_ready_pp0_iter2_reg   |   1|   0|    1|          0|
    |ap_loop_exit_ready_pp0_iter30_reg  |   1|   0|    1|          0|
    |ap_loop_exit_ready_pp0_iter31_reg  |   1|   0|    1|          0|
    |ap_loop_exit_ready_pp0_iter32_reg  |   1|   0|    1|          0|
    |ap_loop_exit_ready_pp0_iter33_reg  |   1|   0|    1|          0|
    |ap_loop_exit_ready_pp0_iter34_reg  |   1|   0|    1|          0|
    |ap_loop_exit_ready_pp0_iter35_reg  |   1|   0|    1|          0|
    |ap_loop_exit_ready_pp0_iter36_reg  |   1|   0|    1|          0|
    |ap_loop_exit_ready_pp0_iter37_reg  |   1|   0|    1|          0|
    |ap_loop_exit_ready_pp0_iter38_reg  |   1|   0|    1|          0|
    |ap_loop_exit_ready_pp0_iter39_reg  |   1|   0|    1|          0|
    |ap_loop_exit_ready_pp0_iter3_reg   |   1|   0|    1|          0|
    |ap_loop_exit_ready_pp0_iter40_reg  |   1|   0|    1|          0|
    |ap_loop_exit_ready_pp0_iter41_reg  |   1|   0|    1|          0|
    |ap_loop_exit_ready_pp0_iter42_reg  |   1|   0|    1|          0|
    |ap_loop_exit_ready_pp0_iter43_reg  |   1|   0|    1|          0|
    |ap_loop_exit_ready_pp0_iter44_reg  |   1|   0|    1|          0|
    |ap_loop_exit_ready_pp0_iter45_reg  |   1|   0|    1|          0|
    |ap_loop_exit_ready_pp0_iter46_reg  |   1|   0|    1|          0|
    |ap_loop_exit_ready_pp0_iter47_reg  |   1|   0|    1|          0|
    |ap_loop_exit_ready_pp0_iter48_reg  |   1|   0|    1|          0|
    |ap_loop_exit_ready_pp0_iter49_reg  |   1|   0|    1|          0|
    |ap_loop_exit_ready_pp0_iter4_reg   |   1|   0|    1|          0|
    |ap_loop_exit_ready_pp0_iter50_reg  |   1|   0|    1|          0|
    |ap_loop_exit_ready_pp0_iter51_reg  |   1|   0|    1|          0|
    |ap_loop_exit_ready_pp0_iter52_reg  |   1|   0|    1|          0|
    |ap_loop_exit_ready_pp0_iter53_reg  |   1|   0|    1|          0|
    |ap_loop_exit_ready_pp0_iter54_reg  |   1|   0|    1|          0|
    |ap_loop_exit_ready_pp0_iter55_reg  |   1|   0|    1|          0|
    |ap_loop_exit_ready_pp0_iter56_reg  |   1|   0|    1|          0|
    |ap_loop_exit_ready_pp0_iter57_reg  |   1|   0|    1|          0|
    |ap_loop_exit_ready_pp0_iter58_reg  |   1|   0|    1|          0|
    |ap_loop_exit_ready_pp0_iter59_reg  |   1|   0|    1|          0|
    |ap_loop_exit_ready_pp0_iter5_reg   |   1|   0|    1|          0|
    |ap_loop_exit_ready_pp0_iter60_reg  |   1|   0|    1|          0|
    |ap_loop_exit_ready_pp0_iter61_reg  |   1|   0|    1|          0|
    |ap_loop_exit_ready_pp0_iter62_reg  |   1|   0|    1|          0|
    |ap_loop_exit_ready_pp0_iter63_reg  |   1|   0|    1|          0|
    |ap_loop_exit_ready_pp0_iter64_reg  |   1|   0|    1|          0|
    |ap_loop_exit_ready_pp0_iter65_reg  |   1|   0|    1|          0|
    |ap_loop_exit_ready_pp0_iter66_reg  |   1|   0|    1|          0|
    |ap_loop_exit_ready_pp0_iter67_reg  |   1|   0|    1|          0|
    |ap_loop_exit_ready_pp0_iter68_reg  |   1|   0|    1|          0|
    |ap_loop_exit_ready_pp0_iter69_reg  |   1|   0|    1|          0|
    |ap_loop_exit_ready_pp0_iter6_reg   |   1|   0|    1|          0|
    |ap_loop_exit_ready_pp0_iter7_reg   |   1|   0|    1|          0|
    |ap_loop_exit_ready_pp0_iter8_reg   |   1|   0|    1|          0|
    |ap_loop_exit_ready_pp0_iter9_reg   |   1|   0|    1|          0|
    |ap_rst_n_inv                       |   1|   0|    1|          0|
    |ap_rst_reg_1                       |   1|   0|    1|          0|
    |ap_rst_reg_2                       |   1|   0|    1|          0|
    |ap_str_blocking_n_reg              |   1|   0|    1|          0|
    |first_iter_0_reg_123               |   1|   0|    1|          0|
    |gmem_addr_reg_231                  |  64|   0|   64|          0|
    |i_fu_86                            |  31|   0|   31|          0|
    |icmp_ln23_1_reg_242                |   1|   0|    1|          0|
    |icmp_ln23_2_reg_246                |   1|   0|    1|          0|
    |zext_ln23_reg_237                  |  31|   0|   64|         33|
    |icmp_ln23_2_reg_246                |  64|  32|    1|          0|
    +-----------------------------------+----+----+-----+-----------+
    |Total                              | 356|  32|  327|         34|
    +-----------------------------------+----+----+-----+-----------+



================================================================
== Interface
================================================================
* Summary: 
+-----------------------+-----+-----+---------------+--------------+--------------+
|       RTL Ports       | Dir | Bits|    Protocol   | Source Object|    C Type    |
+-----------------------+-----+-----+---------------+--------------+--------------+
|s_axi_control_AWVALID  |   in|    1|          s_axi|       control|        scalar|
|s_axi_control_AWREADY  |  out|    1|          s_axi|       control|        scalar|
|s_axi_control_AWADDR   |   in|    6|          s_axi|       control|        scalar|
|s_axi_control_WVALID   |   in|    1|          s_axi|       control|        scalar|
|s_axi_control_WREADY   |  out|    1|          s_axi|       control|        scalar|
|s_axi_control_WDATA    |   in|   32|          s_axi|       control|        scalar|
|s_axi_control_WSTRB    |   in|    4|          s_axi|       control|        scalar|
|s_axi_control_ARVALID  |   in|    1|          s_axi|       control|        scalar|
|s_axi_control_ARREADY  |  out|    1|          s_axi|       control|        scalar|
|s_axi_control_ARADDR   |   in|    6|          s_axi|       control|        scalar|
|s_axi_control_RVALID   |  out|    1|          s_axi|       control|        scalar|
|s_axi_control_RREADY   |   in|    1|          s_axi|       control|        scalar|
|s_axi_control_RDATA    |  out|   32|          s_axi|       control|        scalar|
|s_axi_control_RRESP    |  out|    2|          s_axi|       control|        scalar|
|s_axi_control_BVALID   |  out|    1|          s_axi|       control|        scalar|
|s_axi_control_BREADY   |   in|    1|          s_axi|       control|        scalar|
|s_axi_control_BRESP    |  out|    2|          s_axi|       control|        scalar|
|ap_clk                 |   in|    1|  ap_ctrl_chain|     mem_write|  return value|
|ap_rst_n               |   in|    1|  ap_ctrl_chain|     mem_write|  return value|
|event_done             |  out|    1|  ap_ctrl_chain|     mem_write|  return value|
|interrupt              |  out|    1|  ap_ctrl_chain|     mem_write|  return value|
|event_start            |  out|    1|  ap_ctrl_chain|     mem_write|  return value|
|stall_start_ext        |  out|    1|  ap_ctrl_chain|     mem_write|  return value|
|stall_done_ext         |  out|    1|  ap_ctrl_chain|     mem_write|  return value|
|stall_start_str        |  out|    1|  ap_ctrl_chain|     mem_write|  return value|
|stall_done_str         |  out|    1|  ap_ctrl_chain|     mem_write|  return value|
|stall_start_int        |  out|    1|  ap_ctrl_chain|     mem_write|  return value|
|stall_done_int         |  out|    1|  ap_ctrl_chain|     mem_write|  return value|
|stream_TVALID          |   in|    1|           axis|        stream|       pointer|
|stream_TDATA           |   in|   24|           axis|        stream|       pointer|
|stream_TREADY          |  out|    1|           axis|        stream|       pointer|
|m_axi_gmem_AWVALID     |  out|    1|          m_axi|          gmem|       pointer|
|m_axi_gmem_AWREADY     |   in|    1|          m_axi|          gmem|       pointer|
|m_axi_gmem_AWADDR      |  out|   64|          m_axi|          gmem|       pointer|
|m_axi_gmem_AWID        |  out|    1|          m_axi|          gmem|       pointer|
|m_axi_gmem_AWLEN       |  out|    8|          m_axi|          gmem|       pointer|
|m_axi_gmem_AWSIZE      |  out|    3|          m_axi|          gmem|       pointer|
|m_axi_gmem_AWBURST     |  out|    2|          m_axi|          gmem|       pointer|
|m_axi_gmem_AWLOCK      |  out|    2|          m_axi|          gmem|       pointer|
|m_axi_gmem_AWCACHE     |  out|    4|          m_axi|          gmem|       pointer|
|m_axi_gmem_AWPROT      |  out|    3|          m_axi|          gmem|       pointer|
|m_axi_gmem_AWQOS       |  out|    4|          m_axi|          gmem|       pointer|
|m_axi_gmem_AWREGION    |  out|    4|          m_axi|          gmem|       pointer|
|m_axi_gmem_AWUSER      |  out|    1|          m_axi|          gmem|       pointer|
|m_axi_gmem_WVALID      |  out|    1|          m_axi|          gmem|       pointer|
|m_axi_gmem_WREADY      |   in|    1|          m_axi|          gmem|       pointer|
|m_axi_gmem_WDATA       |  out|   32|          m_axi|          gmem|       pointer|
|m_axi_gmem_WSTRB       |  out|    4|          m_axi|          gmem|       pointer|
|m_axi_gmem_WLAST       |  out|    1|          m_axi|          gmem|       pointer|
|m_axi_gmem_WID         |  out|    1|          m_axi|          gmem|       pointer|
|m_axi_gmem_WUSER       |  out|    1|          m_axi|          gmem|       pointer|
|m_axi_gmem_ARVALID     |  out|    1|          m_axi|          gmem|       pointer|
|m_axi_gmem_ARREADY     |   in|    1|          m_axi|          gmem|       pointer|
|m_axi_gmem_ARADDR      |  out|   64|          m_axi|          gmem|       pointer|
|m_axi_gmem_ARID        |  out|    1|          m_axi|          gmem|       pointer|
|m_axi_gmem_ARLEN       |  out|    8|          m_axi|          gmem|       pointer|
|m_axi_gmem_ARSIZE      |  out|    3|          m_axi|          gmem|       pointer|
|m_axi_gmem_ARBURST     |  out|    2|          m_axi|          gmem|       pointer|
|m_axi_gmem_ARLOCK      |  out|    2|          m_axi|          gmem|       pointer|
|m_axi_gmem_ARCACHE     |  out|    4|          m_axi|          gmem|       pointer|
|m_axi_gmem_ARPROT      |  out|    3|          m_axi|          gmem|       pointer|
|m_axi_gmem_ARQOS       |  out|    4|          m_axi|          gmem|       pointer|
|m_axi_gmem_ARREGION    |  out|    4|          m_axi|          gmem|       pointer|
|m_axi_gmem_ARUSER      |  out|    1|          m_axi|          gmem|       pointer|
|m_axi_gmem_RVALID      |   in|    1|          m_axi|          gmem|       pointer|
|m_axi_gmem_RREADY      |  out|    1|          m_axi|          gmem|       pointer|
|m_axi_gmem_RDATA       |   in|   32|          m_axi|          gmem|       pointer|
|m_axi_gmem_RLAST       |   in|    1|          m_axi|          gmem|       pointer|
|m_axi_gmem_RID         |   in|    1|          m_axi|          gmem|       pointer|
|m_axi_gmem_RUSER       |   in|    1|          m_axi|          gmem|       pointer|
|m_axi_gmem_RRESP       |   in|    2|          m_axi|          gmem|       pointer|
|m_axi_gmem_BVALID      |   in|    1|          m_axi|          gmem|       pointer|
|m_axi_gmem_BREADY      |  out|    1|          m_axi|          gmem|       pointer|
|m_axi_gmem_BRESP       |   in|    2|          m_axi|          gmem|       pointer|
|m_axi_gmem_BID         |   in|    1|          m_axi|          gmem|       pointer|
|m_axi_gmem_BUSER       |   in|    1|          m_axi|          gmem|       pointer|
+-----------------------+-----+-----+---------------+--------------+--------------+

